[ 2015-04-09T11:56:04+08:00 ] ::1 /Date_backend/index.php/home/index/test
INFO: [ app_init ] --START--
INFO: Run Behavior\BuildLiteBehavior [ RunTime:0.000038s ]
INFO: [ app_init ] --END-- [ RunTime:0.013051s ]
INFO: [ app_begin ] --START--
INFO: Run Behavior\ReadHtmlCacheBehavior [ RunTime:0.001013s ]
INFO: [ app_begin ] --END-- [ RunTime:0.001179s ]
SQL: SHOW COLUMNS FROM `tags` [ RunTime:0.0171s ]
SQL: SELECT `click_num` FROM `tags` WHERE ( id = 125 ) LIMIT 1   [ RunTime:0.0004s ]
SQL: UPDATE `tags` SET `click_num`='282' WHERE ( id = 125 ) [ RunTime:0.0326s ]
SQL: SELECT `click_num` FROM `tags` WHERE ( id = 126 ) LIMIT 1   [ RunTime:0.0003s ]
SQL: UPDATE `tags` SET `click_num`='278' WHERE ( id = 126 ) [ RunTime:0.0431s ]
SQL: SELECT `click_num` FROM `tags` WHERE ( id = 127 ) LIMIT 1   [ RunTime:0.0003s ]
SQL: UPDATE `tags` SET `click_num`='92' WHERE ( id = 127 ) [ RunTime:0.0431s ]
SQL: SELECT `click_num` FROM `tags` WHERE ( id = 128 ) LIMIT 1   [ RunTime:0.0005s ]
SQL: UPDATE `tags` SET `click_num`='186' WHERE ( id = 128 ) [ RunTime:0.0423s ]
SQL: SELECT `click_num` FROM `tags` WHERE ( id = 129 ) LIMIT 1   [ RunTime:0.0004s ]
SQL: UPDATE `tags` SET `click_num`='252' WHERE ( id = 129 ) [ RunTime:0.0440s ]
SQL: SELECT `click_num` FROM `tags` WHERE ( id = 130 ) LIMIT 1   [ RunTime:0.0004s ]
SQL: UPDATE `tags` SET `click_num`='127' WHERE ( id = 130 ) [ RunTime:0.0421s ]
SQL: SELECT `click_num` FROM `tags` WHERE ( id = 131 ) LIMIT 1   [ RunTime:0.0127s ]
SQL: UPDATE `tags` SET `click_num`='182' WHERE ( id = 131 ) [ RunTime:0.0460s ]
SQL: SELECT `click_num` FROM `tags` WHERE ( id = 132 ) LIMIT 1   [ RunTime:0.0003s ]
SQL: UPDATE `tags` SET `click_num`='167' WHERE ( id = 132 ) [ RunTime:0.0833s ]
SQL: SELECT `click_num` FROM `tags` WHERE ( id = 133 ) LIMIT 1   [ RunTime:0.0003s ]
SQL: UPDATE `tags` SET `click_num`='248' WHERE ( id = 133 ) [ RunTime:0.0699s ]
SQL: SELECT `click_num` FROM `tags` WHERE ( id = 134 ) LIMIT 1   [ RunTime:0.0003s ]
SQL: UPDATE `tags` SET `click_num`='145' WHERE ( id = 134 ) [ RunTime:0.1322s ]
SQL: SELECT `click_num` FROM `tags` WHERE ( id = 135 ) LIMIT 1   [ RunTime:0.0003s ]
SQL: UPDATE `tags` SET `click_num`='116' WHERE ( id = 135 ) [ RunTime:0.1092s ]
SQL: SELECT `click_num` FROM `tags` WHERE ( id = 136 ) LIMIT 1   [ RunTime:0.0003s ]
SQL: UPDATE `tags` SET `click_num`='214' WHERE ( id = 136 ) [ RunTime:0.1172s ]
SQL: SELECT `click_num` FROM `tags` WHERE ( id = 137 ) LIMIT 1   [ RunTime:0.0003s ]
SQL: UPDATE `tags` SET `click_num`='159' WHERE ( id = 137 ) [ RunTime:0.1040s ]
SQL: SELECT `click_num` FROM `tags` WHERE ( id = 138 ) LIMIT 1   [ RunTime:0.0003s ]
SQL: UPDATE `tags` SET `click_num`='309' WHERE ( id = 138 ) [ RunTime:0.0371s ]
SQL: SELECT `click_num` FROM `tags` WHERE ( id = 139 ) LIMIT 1   [ RunTime:0.0003s ]
SQL: UPDATE `tags` SET `click_num`='314' WHERE ( id = 139 ) [ RunTime:0.0476s ]
SQL: SELECT `click_num` FROM `tags` WHERE ( id = 140 ) LIMIT 1   [ RunTime:0.0003s ]
SQL: UPDATE `tags` SET `click_num`='159' WHERE ( id = 140 ) [ RunTime:0.0387s ]
SQL: SELECT `click_num` FROM `tags` WHERE ( id = 141 ) LIMIT 1   [ RunTime:0.0003s ]
SQL: UPDATE `tags` SET `click_num`='310' WHERE ( id = 141 ) [ RunTime:0.0327s ]
SQL: SELECT `click_num` FROM `tags` WHERE ( id = 142 ) LIMIT 1   [ RunTime:0.0003s ]
SQL: UPDATE `tags` SET `click_num`='183' WHERE ( id = 142 ) [ RunTime:0.0426s ]
SQL: SELECT `click_num` FROM `tags` WHERE ( id = 143 ) LIMIT 1   [ RunTime:0.0014s ]
SQL: UPDATE `tags` SET `click_num`='235' WHERE ( id = 143 ) [ RunTime:0.0412s ]
SQL: SELECT `click_num` FROM `tags` WHERE ( id = 144 ) LIMIT 1   [ RunTime:0.0003s ]
SQL: UPDATE `tags` SET `click_num`='147' WHERE ( id = 144 ) [ RunTime:0.0427s ]
SQL: SELECT `click_num` FROM `tags` WHERE ( id = 145 ) LIMIT 1   [ RunTime:0.0003s ]
SQL: UPDATE `tags` SET `click_num`='150' WHERE ( id = 145 ) [ RunTime:0.0327s ]
SQL: SELECT `click_num` FROM `tags` WHERE ( id = 146 ) LIMIT 1   [ RunTime:0.0004s ]
SQL: UPDATE `tags` SET `click_num`='304' WHERE ( id = 146 ) [ RunTime:0.0426s ]
SQL: SELECT `click_num` FROM `tags` WHERE ( id = 147 ) LIMIT 1   [ RunTime:0.0003s ]
SQL: UPDATE `tags` SET `click_num`='187' WHERE ( id = 147 ) [ RunTime:0.0325s ]
SQL: SELECT `click_num` FROM `tags` WHERE ( id = 148 ) LIMIT 1   [ RunTime:0.0003s ]
SQL: UPDATE `tags` SET `click_num`='218' WHERE ( id = 148 ) [ RunTime:0.0425s ]
SQL: SELECT `click_num` FROM `tags` WHERE ( id = 149 ) LIMIT 1   [ RunTime:0.0008s ]
SQL: UPDATE `tags` SET `click_num`='203' WHERE ( id = 149 ) [ RunTime:0.0310s ]
SQL: SELECT `click_num` FROM `tags` WHERE ( id = 150 ) LIMIT 1   [ RunTime:0.0003s ]
SQL: UPDATE `tags` SET `click_num`='126' WHERE ( id = 150 ) [ RunTime:0.0426s ]
SQL: SELECT `click_num` FROM `tags` WHERE ( id = 151 ) LIMIT 1   [ RunTime:0.0003s ]
SQL: UPDATE `tags` SET `click_num`='267' WHERE ( id = 151 ) [ RunTime:0.0325s ]
SQL: SELECT `click_num` FROM `tags` WHERE ( id = 152 ) LIMIT 1   [ RunTime:0.0003s ]
SQL: UPDATE `tags` SET `click_num`='248' WHERE ( id = 152 ) [ RunTime:0.0427s ]
SQL: SELECT `click_num` FROM `tags` WHERE ( id = 153 ) LIMIT 1   [ RunTime:0.0004s ]
SQL: UPDATE `tags` SET `click_num`='147' WHERE ( id = 153 ) [ RunTime:0.0325s ]
SQL: SELECT `click_num` FROM `tags` WHERE ( id = 154 ) LIMIT 1   [ RunTime:0.0003s ]
SQL: UPDATE `tags` SET `click_num`='234' WHERE ( id = 154 ) [ RunTime:0.0431s ]
SQL: SELECT `click_num` FROM `tags` WHERE ( id = 155 ) LIMIT 1   [ RunTime:0.0004s ]
SQL: UPDATE `tags` SET `click_num`='249' WHERE ( id = 155 ) [ RunTime:0.0313s ]
SQL: SELECT `click_num` FROM `tags` WHERE ( id = 156 ) LIMIT 1   [ RunTime:0.0004s ]
SQL: UPDATE `tags` SET `click_num`='247' WHERE ( id = 156 ) [ RunTime:0.0457s ]
SQL: SELECT `click_num` FROM `tags` WHERE ( id = 157 ) LIMIT 1   [ RunTime:0.0003s ]
SQL: UPDATE `tags` SET `click_num`='275' WHERE ( id = 157 ) [ RunTime:0.0280s ]
SQL: SELECT `click_num` FROM `tags` WHERE ( id = 158 ) LIMIT 1   [ RunTime:0.0004s ]
SQL: UPDATE `tags` SET `click_num`='135' WHERE ( id = 158 ) [ RunTime:0.0426s ]
SQL: SELECT `click_num` FROM `tags` WHERE ( id = 159 ) LIMIT 1   [ RunTime:0.0003s ]
SQL: UPDATE `tags` SET `click_num`='188' WHERE ( id = 159 ) [ RunTime:0.0325s ]
SQL: SELECT `click_num` FROM `tags` WHERE ( id = 160 ) LIMIT 1   [ RunTime:0.0003s ]
SQL: UPDATE `tags` SET `click_num`='139' WHERE ( id = 160 ) [ RunTime:0.0426s ]
SQL: SELECT `click_num` FROM `tags` WHERE ( id = 161 ) LIMIT 1   [ RunTime:0.0003s ]
SQL: UPDATE `tags` SET `click_num`='331' WHERE ( id = 161 ) [ RunTime:0.0325s ]
SQL: SELECT `click_num` FROM `tags` WHERE ( id = 162 ) LIMIT 1   [ RunTime:0.0004s ]
SQL: UPDATE `tags` SET `click_num`='123' WHERE ( id = 162 ) [ RunTime:0.0427s ]
SQL: SELECT `click_num` FROM `tags` WHERE ( id = 163 ) LIMIT 1   [ RunTime:0.0004s ]
SQL: UPDATE `tags` SET `click_num`='196' WHERE ( id = 163 ) [ RunTime:0.0322s ]
SQL: SELECT `click_num` FROM `tags` WHERE ( id = 164 ) LIMIT 1   [ RunTime:0.0004s ]
SQL: UPDATE `tags` SET `click_num`='195' WHERE ( id = 164 ) [ RunTime:0.0424s ]
SQL: SELECT `click_num` FROM `tags` WHERE ( id = 165 ) LIMIT 1   [ RunTime:0.0003s ]
SQL: UPDATE `tags` SET `click_num`='274' WHERE ( id = 165 ) [ RunTime:0.0325s ]
SQL: SELECT `click_num` FROM `tags` WHERE ( id = 166 ) LIMIT 1   [ RunTime:0.0004s ]
SQL: UPDATE `tags` SET `click_num`='205' WHERE ( id = 166 ) [ RunTime:0.0424s ]
SQL: SELECT `click_num` FROM `tags` WHERE ( id = 167 ) LIMIT 1   [ RunTime:0.0003s ]
SQL: UPDATE `tags` SET `click_num`='230' WHERE ( id = 167 ) [ RunTime:0.0437s ]
SQL: SELECT `click_num` FROM `tags` WHERE ( id = 168 ) LIMIT 1   [ RunTime:0.0004s ]
SQL: UPDATE `tags` SET `click_num`='292' WHERE ( id = 168 ) [ RunTime:0.0644s ]
SQL: SELECT `click_num` FROM `tags` WHERE ( id = 169 ) LIMIT 1   [ RunTime:0.0004s ]
SQL: UPDATE `tags` SET `click_num`='167' WHERE ( id = 169 ) [ RunTime:0.0764s ]
SQL: SELECT `click_num` FROM `tags` WHERE ( id = 170 ) LIMIT 1   [ RunTime:0.0003s ]
SQL: UPDATE `tags` SET `click_num`='153' WHERE ( id = 170 ) [ RunTime:0.0428s ]
SQL: SELECT `click_num` FROM `tags` WHERE ( id = 171 ) LIMIT 1   [ RunTime:0.0003s ]
SQL: UPDATE `tags` SET `click_num`='190' WHERE ( id = 171 ) [ RunTime:0.0326s ]
SQL: SELECT `click_num` FROM `tags` WHERE ( id = 172 ) LIMIT 1   [ RunTime:0.0003s ]
SQL: UPDATE `tags` SET `click_num`='260' WHERE ( id = 172 ) [ RunTime:0.0427s ]
SQL: SELECT `click_num` FROM `tags` WHERE ( id = 173 ) LIMIT 1   [ RunTime:0.0004s ]
SQL: UPDATE `tags` SET `click_num`='171' WHERE ( id = 173 ) [ RunTime:0.0313s ]
SQL: SELECT `click_num` FROM `tags` WHERE ( id = 174 ) LIMIT 1   [ RunTime:0.0004s ]
SQL: UPDATE `tags` SET `click_num`='185' WHERE ( id = 174 ) [ RunTime:0.0424s ]
SQL: SELECT `click_num` FROM `tags` WHERE ( id = 175 ) LIMIT 1   [ RunTime:0.0004s ]
SQL: UPDATE `tags` SET `click_num`='305' WHERE ( id = 175 ) [ RunTime:0.0324s ]
SQL: SELECT `click_num` FROM `tags` WHERE ( id = 176 ) LIMIT 1   [ RunTime:0.0004s ]
SQL: UPDATE `tags` SET `click_num`='201' WHERE ( id = 176 ) [ RunTime:0.0432s ]
SQL: SELECT `click_num` FROM `tags` WHERE ( id = 177 ) LIMIT 1   [ RunTime:0.0004s ]
SQL: UPDATE `tags` SET `click_num`='285' WHERE ( id = 177 ) [ RunTime:0.0325s ]
SQL: SELECT `click_num` FROM `tags` WHERE ( id = 178 ) LIMIT 1   [ RunTime:0.0005s ]
SQL: UPDATE `tags` SET `click_num`='196' WHERE ( id = 178 ) [ RunTime:0.0418s ]
SQL: SELECT `click_num` FROM `tags` WHERE ( id = 179 ) LIMIT 1   [ RunTime:0.0007s ]
SQL: UPDATE `tags` SET `click_num`='162' WHERE ( id = 179 ) [ RunTime:0.0313s ]
SQL: SELECT `click_num` FROM `tags` WHERE ( id = 180 ) LIMIT 1   [ RunTime:0.0004s ]
SQL: UPDATE `tags` SET `click_num`='99' WHERE ( id = 180 ) [ RunTime:0.0425s ]
SQL: SELECT `click_num` FROM `tags` WHERE ( id = 181 ) LIMIT 1   [ RunTime:0.0004s ]
SQL: UPDATE `tags` SET `click_num`='97' WHERE ( id = 181 ) [ RunTime:0.0325s ]
SQL: SELECT `click_num` FROM `tags` WHERE ( id = 182 ) LIMIT 1   [ RunTime:0.0003s ]
SQL: UPDATE `tags` SET `click_num`='319' WHERE ( id = 182 ) [ RunTime:0.0426s ]
SQL: SELECT `click_num` FROM `tags` WHERE ( id = 183 ) LIMIT 1   [ RunTime:0.0004s ]
SQL: UPDATE `tags` SET `click_num`='343' WHERE ( id = 183 ) [ RunTime:0.0474s ]
SQL: SELECT `click_num` FROM `tags` WHERE ( id = 184 ) LIMIT 1   [ RunTime:0.0003s ]
SQL: UPDATE `tags` SET `click_num`='167' WHERE ( id = 184 ) [ RunTime:0.0388s ]
SQL: SELECT `click_num` FROM `tags` WHERE ( id = 185 ) LIMIT 1   [ RunTime:0.0003s ]
SQL: UPDATE `tags` SET `click_num`='221' WHERE ( id = 185 ) [ RunTime:0.0326s ]
SQL: SELECT `click_num` FROM `tags` WHERE ( id = 186 ) LIMIT 1   [ RunTime:0.0003s ]
SQL: UPDATE `tags` SET `click_num`='224' WHERE ( id = 186 ) [ RunTime:0.0433s ]
SQL: SELECT `click_num` FROM `tags` WHERE ( id = 187 ) LIMIT 1   [ RunTime:0.0004s ]
SQL: UPDATE `tags` SET `click_num`='86' WHERE ( id = 187 ) [ RunTime:0.0315s ]
SQL: SELECT `click_num` FROM `tags` WHERE ( id = 188 ) LIMIT 1   [ RunTime:0.0003s ]
SQL: UPDATE `tags` SET `click_num`='137' WHERE ( id = 188 ) [ RunTime:0.0429s ]
SQL: SELECT `click_num` FROM `tags` WHERE ( id = 189 ) LIMIT 1   [ RunTime:0.0004s ]
SQL: UPDATE `tags` SET `click_num`='254' WHERE ( id = 189 ) [ RunTime:0.0320s ]
SQL: SELECT `click_num` FROM `tags` WHERE ( id = 190 ) LIMIT 1   [ RunTime:0.0004s ]
SQL: UPDATE `tags` SET `click_num`='332' WHERE ( id = 190 ) [ RunTime:0.0414s ]
SQL: SELECT `click_num` FROM `tags` WHERE ( id = 191 ) LIMIT 1   [ RunTime:0.0003s ]
SQL: UPDATE `tags` SET `click_num`='270' WHERE ( id = 191 ) [ RunTime:0.0325s ]
SQL: SELECT `click_num` FROM `tags` WHERE ( id = 192 ) LIMIT 1   [ RunTime:0.0003s ]
SQL: UPDATE `tags` SET `click_num`='235' WHERE ( id = 192 ) [ RunTime:0.0431s ]
SQL: SELECT `click_num` FROM `tags` WHERE ( id = 193 ) LIMIT 1   [ RunTime:0.0003s ]
SQL: UPDATE `tags` SET `click_num`='85' WHERE ( id = 193 ) [ RunTime:0.0323s ]
SQL: SELECT `click_num` FROM `tags` WHERE ( id = 194 ) LIMIT 1   [ RunTime:0.0003s ]
SQL: UPDATE `tags` SET `click_num`='211' WHERE ( id = 194 ) [ RunTime:0.0839s ]
SQL: SELECT `click_num` FROM `tags` WHERE ( id = 195 ) LIMIT 1   [ RunTime:0.0004s ]
SQL: UPDATE `tags` SET `click_num`='145' WHERE ( id = 195 ) [ RunTime:0.0620s ]
SQL: SELECT `click_num` FROM `tags` WHERE ( id = 196 ) LIMIT 1   [ RunTime:0.0004s ]
SQL: UPDATE `tags` SET `click_num`='116' WHERE ( id = 196 ) [ RunTime:0.0596s ]
SQL: SELECT `click_num` FROM `tags` WHERE ( id = 197 ) LIMIT 1   [ RunTime:0.0006s ]
SQL: UPDATE `tags` SET `click_num`='337' WHERE ( id = 197 ) [ RunTime:0.0418s ]
SQL: SELECT `click_num` FROM `tags` WHERE ( id = 198 ) LIMIT 1   [ RunTime:0.0004s ]
SQL: UPDATE `tags` SET `click_num`='344' WHERE ( id = 198 ) [ RunTime:0.0436s ]
SQL: SELECT `click_num` FROM `tags` WHERE ( id = 199 ) LIMIT 1   [ RunTime:0.0004s ]
SQL: UPDATE `tags` SET `click_num`='319' WHERE ( id = 199 ) [ RunTime:0.0433s ]
SQL: SELECT `click_num` FROM `tags` WHERE ( id = 200 ) LIMIT 1   [ RunTime:0.0004s ]
SQL: UPDATE `tags` SET `click_num`='262' WHERE ( id = 200 ) [ RunTime:0.0426s ]
SQL: SELECT `click_num` FROM `tags` WHERE ( id = 201 ) LIMIT 1   [ RunTime:0.0004s ]
SQL: UPDATE `tags` SET `click_num`='111' WHERE ( id = 201 ) [ RunTime:0.0425s ]
SQL: SELECT `click_num` FROM `tags` WHERE ( id = 202 ) LIMIT 1   [ RunTime:0.0003s ]
SQL: UPDATE `tags` SET `click_num`='288' WHERE ( id = 202 ) [ RunTime:0.0441s ]
SQL: SELECT `click_num` FROM `tags` WHERE ( id = 203 ) LIMIT 1   [ RunTime:0.0003s ]
SQL: UPDATE `tags` SET `click_num`='301' WHERE ( id = 203 ) [ RunTime:0.0418s ]
SQL: SELECT `click_num` FROM `tags` WHERE ( id = 204 ) LIMIT 1   [ RunTime:0.0004s ]
SQL: UPDATE `tags` SET `click_num`='201' WHERE ( id = 204 ) [ RunTime:0.0436s ]
SQL: SELECT `click_num` FROM `tags` WHERE ( id = 205 ) LIMIT 1   [ RunTime:0.0003s ]
SQL: UPDATE `tags` SET `click_num`='268' WHERE ( id = 205 ) [ RunTime:0.0432s ]
SQL: SELECT `click_num` FROM `tags` WHERE ( id = 206 ) LIMIT 1   [ RunTime:0.0012s ]
SQL: UPDATE `tags` SET `click_num`='276' WHERE ( id = 206 ) [ RunTime:0.0404s ]
SQL: SELECT `click_num` FROM `tags` WHERE ( id = 207 ) LIMIT 1   [ RunTime:0.0003s ]
SQL: UPDATE `tags` SET `click_num`='99' WHERE ( id = 207 ) [ RunTime:0.0426s ]
SQL: SELECT `click_num` FROM `tags` WHERE ( id = 208 ) LIMIT 1   [ RunTime:0.0004s ]
SQL: UPDATE `tags` SET `click_num`='286' WHERE ( id = 208 ) [ RunTime:0.0593s ]
SQL: SELECT `click_num` FROM `tags` WHERE ( id = 209 ) LIMIT 1   [ RunTime:0.0014s ]
SQL: UPDATE `tags` SET `click_num`='219' WHERE ( id = 209 ) [ RunTime:0.0354s ]
SQL: SELECT `click_num` FROM `tags` WHERE ( id = 210 ) LIMIT 1   [ RunTime:0.0004s ]
SQL: UPDATE `tags` SET `click_num`='168' WHERE ( id = 210 ) [ RunTime:0.0425s ]
SQL: SELECT `click_num` FROM `tags` WHERE ( id = 211 ) LIMIT 1   [ RunTime:0.0003s ]
SQL: UPDATE `tags` SET `click_num`='135' WHERE ( id = 211 ) [ RunTime:0.0426s ]
SQL: SELECT `click_num` FROM `tags` WHERE ( id = 212 ) LIMIT 1   [ RunTime:0.0003s ]
SQL: UPDATE `tags` SET `click_num`='311' WHERE ( id = 212 ) [ RunTime:0.0437s ]
SQL: SELECT `click_num` FROM `tags` WHERE ( id = 213 ) LIMIT 1   [ RunTime:0.0003s ]
SQL: UPDATE `tags` SET `click_num`='228' WHERE ( id = 213 ) [ RunTime:0.0426s ]
SQL: SELECT `click_num` FROM `tags` WHERE ( id = 214 ) LIMIT 1   [ RunTime:0.0004s ]
SQL: UPDATE `tags` SET `click_num`='166' WHERE ( id = 214 ) [ RunTime:0.0433s ]
SQL: SELECT `click_num` FROM `tags` WHERE ( id = 215 ) LIMIT 1   [ RunTime:0.0003s ]
SQL: UPDATE `tags` SET `click_num`='105' WHERE ( id = 215 ) [ RunTime:0.0427s ]
SQL: SELECT `click_num` FROM `tags` WHERE ( id = 216 ) LIMIT 1   [ RunTime:0.0003s ]
SQL: UPDATE `tags` SET `click_num`='127' WHERE ( id = 216 ) [ RunTime:0.0436s ]
SQL: SELECT `click_num` FROM `tags` WHERE ( id = 217 ) LIMIT 1   [ RunTime:0.0003s ]
SQL: UPDATE `tags` SET `click_num`='283' WHERE ( id = 217 ) [ RunTime:0.0428s ]
SQL: SELECT `click_num` FROM `tags` WHERE ( id = 218 ) LIMIT 1   [ RunTime:0.0003s ]
SQL: UPDATE `tags` SET `click_num`='294' WHERE ( id = 218 ) [ RunTime:0.0437s ]
SQL: SELECT `click_num` FROM `tags` WHERE ( id = 219 ) LIMIT 1   [ RunTime:0.0003s ]
SQL: UPDATE `tags` SET `click_num`='170' WHERE ( id = 219 ) [ RunTime:0.0427s ]
SQL: SELECT `click_num` FROM `tags` WHERE ( id = 220 ) LIMIT 1   [ RunTime:0.0003s ]
SQL: UPDATE `tags` SET `click_num`='118' WHERE ( id = 220 ) [ RunTime:0.0434s ]
SQL: SELECT `click_num` FROM `tags` WHERE ( id = 221 ) LIMIT 1   [ RunTime:0.0004s ]
SQL: UPDATE `tags` SET `click_num`='169' WHERE ( id = 221 ) [ RunTime:0.0581s ]
SQL: SELECT `click_num` FROM `tags` WHERE ( id = 222 ) LIMIT 1   [ RunTime:0.0003s ]
SQL: UPDATE `tags` SET `click_num`='121' WHERE ( id = 222 ) [ RunTime:0.0875s ]
SQL: SELECT `click_num` FROM `tags` WHERE ( id = 223 ) LIMIT 1   [ RunTime:0.0004s ]
SQL: UPDATE `tags` SET `click_num`='289' WHERE ( id = 223 ) [ RunTime:0.1163s ]
SQL: SELECT `click_num` FROM `tags` WHERE ( id = 224 ) LIMIT 1   [ RunTime:0.0004s ]
SQL: UPDATE `tags` SET `click_num`='109' WHERE ( id = 224 ) [ RunTime:0.0807s ]
SQL: SELECT `click_num` FROM `tags` WHERE ( id = 225 ) LIMIT 1   [ RunTime:0.0004s ]
SQL: UPDATE `tags` SET `click_num`='75' WHERE ( id = 225 ) [ RunTime:0.0390s ]
SQL: SELECT `click_num` FROM `tags` WHERE ( id = 226 ) LIMIT 1   [ RunTime:0.0011s ]
SQL: UPDATE `tags` SET `click_num`='128' WHERE ( id = 226 ) [ RunTime:0.0418s ]
SQL: SELECT `click_num` FROM `tags` WHERE ( id = 227 ) LIMIT 1   [ RunTime:0.0003s ]
SQL: UPDATE `tags` SET `click_num`='80' WHERE ( id = 227 ) [ RunTime:0.0425s ]
SQL: SELECT `click_num` FROM `tags` WHERE ( id = 228 ) LIMIT 1   [ RunTime:0.0003s ]
SQL: UPDATE `tags` SET `click_num`='119' WHERE ( id = 228 ) [ RunTime:0.0435s ]
SQL: SELECT `click_num` FROM `tags` WHERE ( id = 229 ) LIMIT 1   [ RunTime:0.0003s ]
SQL: UPDATE `tags` SET `click_num`='286' WHERE ( id = 229 ) [ RunTime:0.0427s ]
SQL: SELECT `click_num` FROM `tags` WHERE ( id = 230 ) LIMIT 1   [ RunTime:0.0003s ]
SQL: UPDATE `tags` SET `click_num`='324' WHERE ( id = 230 ) [ RunTime:0.0438s ]
SQL: SELECT `click_num` FROM `tags` WHERE ( id = 231 ) LIMIT 1   [ RunTime:0.0003s ]
SQL: UPDATE `tags` SET `click_num`='355' WHERE ( id = 231 ) [ RunTime:0.0428s ]
SQL: SELECT `click_num` FROM `tags` WHERE ( id = 232 ) LIMIT 1   [ RunTime:0.0012s ]
SQL: UPDATE `tags` SET `click_num`='313' WHERE ( id = 232 ) [ RunTime:0.0417s ]
SQL: SELECT `click_num` FROM `tags` WHERE ( id = 233 ) LIMIT 1   [ RunTime:0.0003s ]
SQL: UPDATE `tags` SET `click_num`='290' WHERE ( id = 233 ) [ RunTime:0.0426s ]
SQL: SELECT `click_num` FROM `tags` WHERE ( id = 234 ) LIMIT 1   [ RunTime:0.0003s ]
SQL: UPDATE `tags` SET `click_num`='304' WHERE ( id = 234 ) [ RunTime:0.0440s ]
SQL: SELECT `click_num` FROM `tags` WHERE ( id = 235 ) LIMIT 1   [ RunTime:0.0006s ]
SQL: UPDATE `tags` SET `click_num`='349' WHERE ( id = 235 ) [ RunTime:0.0411s ]
SQL: SELECT `click_num` FROM `tags` WHERE ( id = 236 ) LIMIT 1   [ RunTime:0.0004s ]
SQL: UPDATE `tags` SET `click_num`='223' WHERE ( id = 236 ) [ RunTime:0.0432s ]
SQL: SELECT `click_num` FROM `tags` WHERE ( id = 237 ) LIMIT 1   [ RunTime:0.0003s ]
SQL: UPDATE `tags` SET `click_num`='311' WHERE ( id = 237 ) [ RunTime:0.0428s ]
SQL: SELECT `click_num` FROM `tags` WHERE ( id = 238 ) LIMIT 1   [ RunTime:0.0003s ]
SQL: UPDATE `tags` SET `click_num`='262' WHERE ( id = 238 ) [ RunTime:0.0437s ]
SQL: SELECT `click_num` FROM `tags` WHERE ( id = 239 ) LIMIT 1   [ RunTime:0.0004s ]
SQL: UPDATE `tags` SET `click_num`='142' WHERE ( id = 239 ) [ RunTime:0.0427s ]
SQL: SELECT `click_num` FROM `tags` WHERE ( id = 240 ) LIMIT 1   [ RunTime:0.0003s ]
SQL: UPDATE `tags` SET `click_num`='214' WHERE ( id = 240 ) [ RunTime:0.0442s ]
SQL: SELECT `click_num` FROM `tags` WHERE ( id = 241 ) LIMIT 1   [ RunTime:0.0004s ]
SQL: UPDATE `tags` SET `click_num`='278' WHERE ( id = 241 ) [ RunTime:0.0417s ]
SQL: SELECT `click_num` FROM `tags` WHERE ( id = 242 ) LIMIT 1   [ RunTime:0.0004s ]
SQL: UPDATE `tags` SET `click_num`='284' WHERE ( id = 242 ) [ RunTime:0.0436s ]
SQL: SELECT `click_num` FROM `tags` WHERE ( id = 243 ) LIMIT 1   [ RunTime:0.0003s ]
SQL: UPDATE `tags` SET `click_num`='295' WHERE ( id = 243 ) [ RunTime:0.0427s ]
SQL: SELECT `click_num` FROM `tags` WHERE ( id = 244 ) LIMIT 1   [ RunTime:0.0004s ]
SQL: UPDATE `tags` SET `click_num`='354' WHERE ( id = 244 ) [ RunTime:0.0434s ]
SQL: SELECT `click_num` FROM `tags` WHERE ( id = 245 ) LIMIT 1   [ RunTime:0.0004s ]
SQL: UPDATE `tags` SET `click_num`='348' WHERE ( id = 245 ) [ RunTime:0.0419s ]
SQL: SELECT `click_num` FROM `tags` WHERE ( id = 246 ) LIMIT 1   [ RunTime:0.0003s ]
SQL: UPDATE `tags` SET `click_num`='346' WHERE ( id = 246 ) [ RunTime:0.0436s ]
SQL: SELECT `click_num` FROM `tags` WHERE ( id = 247 ) LIMIT 1   [ RunTime:0.0003s ]
SQL: UPDATE `tags` SET `click_num`='156' WHERE ( id = 247 ) [ RunTime:0.0427s ]
SQL: SELECT `click_num` FROM `tags` WHERE ( id = 248 ) LIMIT 1   [ RunTime:0.0004s ]
SQL: UPDATE `tags` SET `click_num`='232' WHERE ( id = 248 ) [ RunTime:0.0433s ]
SQL: SELECT `click_num` FROM `tags` WHERE ( id = 249 ) LIMIT 1   [ RunTime:0.0004s ]
SQL: UPDATE `tags` SET `click_num`='334' WHERE ( id = 249 ) [ RunTime:0.0433s ]
SQL: SELECT `click_num` FROM `tags` WHERE ( id = 250 ) LIMIT 1   [ RunTime:0.0004s ]
SQL: UPDATE `tags` SET `click_num`='257' WHERE ( id = 250 ) [ RunTime:0.0321s ]
SQL: SELECT `click_num` FROM `tags` WHERE ( id = 251 ) LIMIT 1   [ RunTime:0.0004s ]
SQL: UPDATE `tags` SET `click_num`='243' WHERE ( id = 251 ) [ RunTime:0.0414s ]
SQL: SELECT `click_num` FROM `tags` WHERE ( id = 252 ) LIMIT 1   [ RunTime:0.0004s ]
SQL: UPDATE `tags` SET `click_num`='191' WHERE ( id = 252 ) [ RunTime:0.0738s ]
SQL: SELECT `click_num` FROM `tags` WHERE ( id = 253 ) LIMIT 1   [ RunTime:0.0003s ]
SQL: UPDATE `tags` SET `click_num`='70' WHERE ( id = 253 ) [ RunTime:0.0616s ]
SQL: SELECT `click_num` FROM `tags` WHERE ( id = 254 ) LIMIT 1   [ RunTime:0.0004s ]
SQL: UPDATE `tags` SET `click_num`='239' WHERE ( id = 254 ) [ RunTime:0.0378s ]
SQL: SELECT `click_num` FROM `tags` WHERE ( id = 255 ) LIMIT 1   [ RunTime:0.0004s ]
SQL: UPDATE `tags` SET `click_num`='307' WHERE ( id = 255 ) [ RunTime:0.0430s ]
SQL: SELECT `click_num` FROM `tags` WHERE ( id = 256 ) LIMIT 1   [ RunTime:0.0003s ]
SQL: UPDATE `tags` SET `click_num`='88' WHERE ( id = 256 ) [ RunTime:0.0429s ]
SQL: SELECT `click_num` FROM `tags` WHERE ( id = 257 ) LIMIT 1   [ RunTime:0.0007s ]
SQL: UPDATE `tags` SET `click_num`='316' WHERE ( id = 257 ) [ RunTime:0.0420s ]
SQL: SELECT `click_num` FROM `tags` WHERE ( id = 258 ) LIMIT 1   [ RunTime:0.0004s ]
SQL: UPDATE `tags` SET `click_num`='142' WHERE ( id = 258 ) [ RunTime:0.0437s ]
SQL: SELECT `click_num` FROM `tags` WHERE ( id = 259 ) LIMIT 1   [ RunTime:0.0003s ]
SQL: UPDATE `tags` SET `click_num`='267' WHERE ( id = 259 ) [ RunTime:0.0426s ]
SQL: SELECT `click_num` FROM `tags` WHERE ( id = 260 ) LIMIT 1   [ RunTime:0.0004s ]
SQL: UPDATE `tags` SET `click_num`='213' WHERE ( id = 260 ) [ RunTime:0.0435s ]
SQL: SELECT `click_num` FROM `tags` WHERE ( id = 261 ) LIMIT 1   [ RunTime:0.0003s ]
SQL: UPDATE `tags` SET `click_num`='282' WHERE ( id = 261 ) [ RunTime:0.0425s ]
SQL: SELECT `click_num` FROM `tags` WHERE ( id = 262 ) LIMIT 1   [ RunTime:0.0003s ]
SQL: UPDATE `tags` SET `click_num`='197' WHERE ( id = 262 ) [ RunTime:0.0440s ]
SQL: SELECT `click_num` FROM `tags` WHERE ( id = 263 ) LIMIT 1   [ RunTime:0.0003s ]
SQL: UPDATE `tags` SET `click_num`='315' WHERE ( id = 263 ) [ RunTime:0.0418s ]
SQL: SELECT `click_num` FROM `tags` WHERE ( id = 264 ) LIMIT 1   [ RunTime:0.0003s ]
SQL: UPDATE `tags` SET `click_num`='205' WHERE ( id = 264 ) [ RunTime:0.0438s ]
SQL: SELECT `click_num` FROM `tags` WHERE ( id = 265 ) LIMIT 1   [ RunTime:0.0004s ]
SQL: UPDATE `tags` SET `click_num`='156' WHERE ( id = 265 ) [ RunTime:0.0422s ]
SQL: SELECT `click_num` FROM `tags` WHERE ( id = 266 ) LIMIT 1   [ RunTime:0.0004s ]
SQL: UPDATE `tags` SET `click_num`='162' WHERE ( id = 266 ) [ RunTime:0.0428s ]
SQL: SELECT `click_num` FROM `tags` WHERE ( id = 267 ) LIMIT 1   [ RunTime:0.0003s ]
SQL: UPDATE `tags` SET `click_num`='80' WHERE ( id = 267 ) [ RunTime:0.0425s ]
SQL: SELECT `click_num` FROM `tags` WHERE ( id = 268 ) LIMIT 1   [ RunTime:0.0003s ]
SQL: UPDATE `tags` SET `click_num`='336' WHERE ( id = 268 ) [ RunTime:0.0436s ]
SQL: SELECT `click_num` FROM `tags` WHERE ( id = 269 ) LIMIT 1   [ RunTime:0.0004s ]
SQL: UPDATE `tags` SET `click_num`='330' WHERE ( id = 269 ) [ RunTime:0.0421s ]
SQL: SELECT `click_num` FROM `tags` WHERE ( id = 270 ) LIMIT 1   [ RunTime:0.0004s ]
SQL: UPDATE `tags` SET `click_num`='330' WHERE ( id = 270 ) [ RunTime:0.0434s ]
SQL: SELECT `click_num` FROM `tags` WHERE ( id = 271 ) LIMIT 1   [ RunTime:0.0004s ]
SQL: UPDATE `tags` SET `click_num`='121' WHERE ( id = 271 ) [ RunTime:0.0430s ]
SQL: SELECT `click_num` FROM `tags` WHERE ( id = 272 ) LIMIT 1   [ RunTime:0.0003s ]
SQL: UPDATE `tags` SET `click_num`='222' WHERE ( id = 272 ) [ RunTime:0.0323s ]
SQL: SELECT `click_num` FROM `tags` WHERE ( id = 273 ) LIMIT 1   [ RunTime:0.0003s ]
SQL: UPDATE `tags` SET `click_num`='136' WHERE ( id = 273 ) [ RunTime:0.0421s ]
SQL: SELECT `click_num` FROM `tags` WHERE ( id = 274 ) LIMIT 1   [ RunTime:0.0003s ]
SQL: UPDATE `tags` SET `click_num`='241' WHERE ( id = 274 ) [ RunTime:0.0326s ]
SQL: SELECT `click_num` FROM `tags` WHERE ( id = 275 ) LIMIT 1   [ RunTime:0.0003s ]
SQL: UPDATE `tags` SET `click_num`='189' WHERE ( id = 275 ) [ RunTime:0.0427s ]
SQL: SELECT `click_num` FROM `tags` WHERE ( id = 276 ) LIMIT 1   [ RunTime:0.0003s ]
SQL: UPDATE `tags` SET `click_num`='236' WHERE ( id = 276 ) [ RunTime:0.0326s ]
SQL: SELECT `click_num` FROM `tags` WHERE ( id = 277 ) LIMIT 1   [ RunTime:0.0004s ]
SQL: UPDATE `tags` SET `click_num`='147' WHERE ( id = 277 ) [ RunTime:0.0431s ]
SQL: SELECT `click_num` FROM `tags` WHERE ( id = 278 ) LIMIT 1   [ RunTime:0.0004s ]
SQL: UPDATE `tags` SET `click_num`='100' WHERE ( id = 278 ) [ RunTime:0.0319s ]
SQL: SELECT `click_num` FROM `tags` WHERE ( id = 279 ) LIMIT 1   [ RunTime:0.0006s ]
SQL: UPDATE `tags` SET `click_num`='138' WHERE ( id = 279 ) [ RunTime:0.0417s ]
SQL: SELECT `click_num` FROM `tags` WHERE ( id = 280 ) LIMIT 1   [ RunTime:0.0003s ]
SQL: UPDATE `tags` SET `click_num`='163' WHERE ( id = 280 ) [ RunTime:0.0326s ]
SQL: SELECT `click_num` FROM `tags` WHERE ( id = 281 ) LIMIT 1   [ RunTime:0.0003s ]
SQL: UPDATE `tags` SET `click_num`='316' WHERE ( id = 281 ) [ RunTime:0.0428s ]
SQL: SELECT `click_num` FROM `tags` WHERE ( id = 282 ) LIMIT 1   [ RunTime:0.0003s ]
SQL: UPDATE `tags` SET `click_num`='261' WHERE ( id = 282 ) [ RunTime:0.0326s ]
SQL: SELECT `click_num` FROM `tags` WHERE ( id = 283 ) LIMIT 1   [ RunTime:0.0003s ]
SQL: UPDATE `tags` SET `click_num`='238' WHERE ( id = 283 ) [ RunTime:0.0487s ]
SQL: SELECT `click_num` FROM `tags` WHERE ( id = 284 ) LIMIT 1   [ RunTime:0.0004s ]
SQL: UPDATE `tags` SET `click_num`='107' WHERE ( id = 284 ) [ RunTime:0.0264s ]
SQL: SELECT `click_num` FROM `tags` WHERE ( id = 285 ) LIMIT 1   [ RunTime:0.0005s ]
SQL: UPDATE `tags` SET `click_num`='219' WHERE ( id = 285 ) [ RunTime:0.0418s ]
SQL: SELECT `click_num` FROM `tags` WHERE ( id = 286 ) LIMIT 1   [ RunTime:0.0004s ]
SQL: UPDATE `tags` SET `click_num`='200' WHERE ( id = 286 ) [ RunTime:0.0326s ]
SQL: SELECT `click_num` FROM `tags` WHERE ( id = 287 ) LIMIT 1   [ RunTime:0.0003s ]
SQL: UPDATE `tags` SET `click_num`='296' WHERE ( id = 287 ) [ RunTime:0.0427s ]
SQL: SELECT `click_num` FROM `tags` WHERE ( id = 288 ) LIMIT 1   [ RunTime:0.0003s ]
SQL: UPDATE `tags` SET `click_num`='184' WHERE ( id = 288 ) [ RunTime:0.0438s ]
SQL: SELECT `click_num` FROM `tags` WHERE ( id = 289 ) LIMIT 1   [ RunTime:0.0003s ]
SQL: UPDATE `tags` SET `click_num`='236' WHERE ( id = 289 ) [ RunTime:0.0425s ]
SQL: SELECT `click_num` FROM `tags` WHERE ( id = 290 ) LIMIT 1   [ RunTime:0.0003s ]
SQL: UPDATE `tags` SET `click_num`='240' WHERE ( id = 290 ) [ RunTime:0.0438s ]
SQL: SELECT `click_num` FROM `tags` WHERE ( id = 291 ) LIMIT 1   [ RunTime:0.0003s ]
SQL: UPDATE `tags` SET `click_num`='121' WHERE ( id = 291 ) [ RunTime:0.0425s ]
SQL: SELECT `click_num` FROM `tags` WHERE ( id = 292 ) LIMIT 1   [ RunTime:0.0004s ]
SQL: UPDATE `tags` SET `click_num`='147' WHERE ( id = 292 ) [ RunTime:0.0318s ]
SQL: SELECT `click_num` FROM `tags` WHERE ( id = 293 ) LIMIT 1   [ RunTime:0.0003s ]
SQL: UPDATE `tags` SET `click_num`='203' WHERE ( id = 293 ) [ RunTime:0.0416s ]
SQL: SELECT `click_num` FROM `tags` WHERE ( id = 294 ) LIMIT 1   [ RunTime:0.0003s ]
SQL: UPDATE `tags` SET `click_num`='100' WHERE ( id = 294 ) [ RunTime:0.0326s ]
SQL: SELECT `click_num` FROM `tags` WHERE ( id = 295 ) LIMIT 1   [ RunTime:0.0003s ]
SQL: UPDATE `tags` SET `click_num`='272' WHERE ( id = 295 ) [ RunTime:0.0428s ]
SQL: SELECT `click_num` FROM `tags` WHERE ( id = 296 ) LIMIT 1   [ RunTime:0.0003s ]
SQL: UPDATE `tags` SET `click_num`='190' WHERE ( id = 296 ) [ RunTime:0.0325s ]
SQL: SELECT `click_num` FROM `tags` WHERE ( id = 297 ) LIMIT 1   [ RunTime:0.0003s ]
SQL: UPDATE `tags` SET `click_num`='309' WHERE ( id = 297 ) [ RunTime:0.0428s ]
SQL: SELECT `click_num` FROM `tags` WHERE ( id = 298 ) LIMIT 1   [ RunTime:0.0003s ]
SQL: UPDATE `tags` SET `click_num`='100' WHERE ( id = 298 ) [ RunTime:0.0325s ]
SQL: SELECT `click_num` FROM `tags` WHERE ( id = 299 ) LIMIT 1   [ RunTime:0.0003s ]
SQL: UPDATE `tags` SET `click_num`='111' WHERE ( id = 299 ) [ RunTime:0.0428s ]
SQL: SELECT `click_num` FROM `tags` WHERE ( id = 300 ) LIMIT 1   [ RunTime:0.0003s ]
SQL: UPDATE `tags` SET `click_num`='291' WHERE ( id = 300 ) [ RunTime:0.0325s ]
SQL: SELECT `click_num` FROM `tags` WHERE ( id = 301 ) LIMIT 1   [ RunTime:0.0003s ]
SQL: UPDATE `tags` SET `click_num`='285' WHERE ( id = 301 ) [ RunTime:0.0427s ]
SQL: SELECT `click_num` FROM `tags` WHERE ( id = 302 ) LIMIT 1   [ RunTime:0.0004s ]
SQL: UPDATE `tags` SET `click_num`='223' WHERE ( id = 302 ) [ RunTime:0.0324s ]
SQL: SELECT `click_num` FROM `tags` WHERE ( id = 303 ) LIMIT 1   [ RunTime:0.0003s ]
SQL: UPDATE `tags` SET `click_num`='333' WHERE ( id = 303 ) [ RunTime:0.0430s ]
SQL: SELECT `click_num` FROM `tags` WHERE ( id = 304 ) LIMIT 1   [ RunTime:0.0010s ]
SQL: UPDATE `tags` SET `click_num`='129' WHERE ( id = 304 ) [ RunTime:0.0570s ]
SQL: SELECT `click_num` FROM `tags` WHERE ( id = 305 ) LIMIT 1   [ RunTime:0.0004s ]
SQL: UPDATE `tags` SET `click_num`='175' WHERE ( id = 305 ) [ RunTime:0.0388s ]
SQL: SELECT `click_num` FROM `tags` WHERE ( id = 306 ) LIMIT 1   [ RunTime:0.0003s ]
SQL: UPDATE `tags` SET `click_num`='224' WHERE ( id = 306 ) [ RunTime:0.0326s ]
SQL: SELECT `click_num` FROM `tags` WHERE ( id = 307 ) LIMIT 1   [ RunTime:0.0003s ]
SQL: UPDATE `tags` SET `click_num`='321' WHERE ( id = 307 ) [ RunTime:0.0427s ]
SQL: SELECT `click_num` FROM `tags` WHERE ( id = 308 ) LIMIT 1   [ RunTime:0.0003s ]
SQL: UPDATE `tags` SET `click_num`='212' WHERE ( id = 308 ) [ RunTime:0.0325s ]
SQL: SELECT `click_num` FROM `tags` WHERE ( id = 309 ) LIMIT 1   [ RunTime:0.0003s ]
SQL: UPDATE `tags` SET `click_num`='197' WHERE ( id = 309 ) [ RunTime:0.0426s ]
SQL: SELECT `click_num` FROM `tags` WHERE ( id = 310 ) LIMIT 1   [ RunTime:0.0003s ]
SQL: UPDATE `tags` SET `click_num`='198' WHERE ( id = 310 ) [ RunTime:0.0325s ]
SQL: SELECT `click_num` FROM `tags` WHERE ( id = 311 ) LIMIT 1   [ RunTime:0.0003s ]
SQL: UPDATE `tags` SET `click_num`='318' WHERE ( id = 311 ) [ RunTime:0.0427s ]
SQL: SELECT `click_num` FROM `tags` WHERE ( id = 312 ) LIMIT 1   [ RunTime:0.0008s ]
SQL: UPDATE `tags` SET `click_num`='185' WHERE ( id = 312 ) [ RunTime:0.0314s ]
SQL: SELECT `click_num` FROM `tags` WHERE ( id = 313 ) LIMIT 1   [ RunTime:0.0009s ]
SQL: UPDATE `tags` SET `click_num`='284' WHERE ( id = 313 ) [ RunTime:0.0410s ]
SQL: SELECT `click_num` FROM `tags` WHERE ( id = 314 ) LIMIT 1   [ RunTime:0.0003s ]
SQL: UPDATE `tags` SET `click_num`='144' WHERE ( id = 314 ) [ RunTime:0.0324s ]
SQL: SELECT `click_num` FROM `tags` WHERE ( id = 315 ) LIMIT 1   [ RunTime:0.0003s ]
SQL: UPDATE `tags` SET `click_num`='232' WHERE ( id = 315 ) [ RunTime:0.0427s ]
SQL: SELECT `click_num` FROM `tags` WHERE ( id = 316 ) LIMIT 1   [ RunTime:0.0004s ]
SQL: UPDATE `tags` SET `click_num`='101' WHERE ( id = 316 ) [ RunTime:0.0320s ]
SQL: SELECT `click_num` FROM `tags` WHERE ( id = 317 ) LIMIT 1   [ RunTime:0.0003s ]
SQL: UPDATE `tags` SET `click_num`='290' WHERE ( id = 317 ) [ RunTime:0.0567s ]
SQL: SELECT `click_num` FROM `tags` WHERE ( id = 318 ) LIMIT 1   [ RunTime:0.0005s ]
SQL: UPDATE `tags` SET `click_num`='303' WHERE ( id = 318 ) [ RunTime:0.0890s ]
SQL: SELECT `click_num` FROM `tags` WHERE ( id = 319 ) LIMIT 1   [ RunTime:0.0003s ]
SQL: UPDATE `tags` SET `click_num`='232' WHERE ( id = 319 ) [ RunTime:0.0577s ]
SQL: SELECT `click_num` FROM `tags` WHERE ( id = 320 ) LIMIT 1   [ RunTime:0.0008s ]
SQL: UPDATE `tags` SET `click_num`='84' WHERE ( id = 320 ) [ RunTime:0.0414s ]
SQL: SELECT `click_num` FROM `tags` WHERE ( id = 321 ) LIMIT 1   [ RunTime:0.0003s ]
SQL: UPDATE `tags` SET `click_num`='145' WHERE ( id = 321 ) [ RunTime:0.0437s ]
SQL: SELECT `click_num` FROM `tags` WHERE ( id = 322 ) LIMIT 1   [ RunTime:0.0004s ]
SQL: UPDATE `tags` SET `click_num`='223' WHERE ( id = 322 ) [ RunTime:0.0425s ]
SQL: SELECT `click_num` FROM `tags` WHERE ( id = 323 ) LIMIT 1   [ RunTime:0.0011s ]
SQL: UPDATE `tags` SET `click_num`='227' WHERE ( id = 323 ) [ RunTime:0.0417s ]
SQL: SELECT `click_num` FROM `tags` WHERE ( id = 324 ) LIMIT 1   [ RunTime:0.0004s ]
SQL: UPDATE `tags` SET `click_num`='163' WHERE ( id = 324 ) [ RunTime:0.0427s ]
SQL: SELECT `click_num` FROM `tags` WHERE ( id = 325 ) LIMIT 1   [ RunTime:0.0003s ]
SQL: UPDATE `tags` SET `click_num`='121' WHERE ( id = 325 ) [ RunTime:0.0436s ]
SQL: SELECT `click_num` FROM `tags` WHERE ( id = 326 ) LIMIT 1   [ RunTime:0.0008s ]
SQL: UPDATE `tags` SET `click_num`='145' WHERE ( id = 326 ) [ RunTime:0.0417s ]
SQL: SELECT `click_num` FROM `tags` WHERE ( id = 327 ) LIMIT 1   [ RunTime:0.0003s ]
SQL: UPDATE `tags` SET `click_num`='218' WHERE ( id = 327 ) [ RunTime:0.0437s ]
SQL: SELECT `click_num` FROM `tags` WHERE ( id = 328 ) LIMIT 1   [ RunTime:0.0003s ]
SQL: UPDATE `tags` SET `click_num`='254' WHERE ( id = 328 ) [ RunTime:0.0426s ]
SQL: SELECT `click_num` FROM `tags` WHERE ( id = 329 ) LIMIT 1   [ RunTime:0.0008s ]
SQL: UPDATE `tags` SET `click_num`='105' WHERE ( id = 329 ) [ RunTime:0.0424s ]
SQL: SELECT `click_num` FROM `tags` WHERE ( id = 330 ) LIMIT 1   [ RunTime:0.0004s ]
SQL: UPDATE `tags` SET `click_num`='131' WHERE ( id = 330 ) [ RunTime:0.0422s ]
SQL: SELECT `click_num` FROM `tags` WHERE ( id = 331 ) LIMIT 1   [ RunTime:0.0003s ]
SQL: UPDATE `tags` SET `click_num`='317' WHERE ( id = 331 ) [ RunTime:0.0440s ]
SQL: SELECT `click_num` FROM `tags` WHERE ( id = 332 ) LIMIT 1   [ RunTime:0.0012s ]
SQL: UPDATE `tags` SET `click_num`='327' WHERE ( id = 332 ) [ RunTime:0.0406s ]
SQL: SELECT `click_num` FROM `tags` WHERE ( id = 333 ) LIMIT 1   [ RunTime:0.0003s ]
SQL: UPDATE `tags` SET `click_num`='238' WHERE ( id = 333 ) [ RunTime:0.0437s ]
SQL: SELECT `click_num` FROM `tags` WHERE ( id = 334 ) LIMIT 1   [ RunTime:0.0003s ]
SQL: UPDATE `tags` SET `click_num`='221' WHERE ( id = 334 ) [ RunTime:0.0427s ]
SQL: SELECT `click_num` FROM `tags` WHERE ( id = 335 ) LIMIT 1   [ RunTime:0.0008s ]
SQL: UPDATE `tags` SET `click_num`='245' WHERE ( id = 335 ) [ RunTime:0.0424s ]
SQL: SELECT `click_num` FROM `tags` WHERE ( id = 336 ) LIMIT 1   [ RunTime:0.0004s ]
SQL: UPDATE `tags` SET `click_num`='109' WHERE ( id = 336 ) [ RunTime:0.0419s ]
SQL: SELECT `click_num` FROM `tags` WHERE ( id = 337 ) LIMIT 1   [ RunTime:0.0003s ]
SQL: UPDATE `tags` SET `click_num`='202' WHERE ( id = 337 ) [ RunTime:0.0443s ]
SQL: SELECT `click_num` FROM `tags` WHERE ( id = 338 ) LIMIT 1   [ RunTime:0.0004s ]
SQL: UPDATE `tags` SET `click_num`='101' WHERE ( id = 338 ) [ RunTime:0.0414s ]
SQL: SELECT `click_num` FROM `tags` WHERE ( id = 339 ) LIMIT 1   [ RunTime:0.0004s ]
SQL: UPDATE `tags` SET `click_num`='139' WHERE ( id = 339 ) [ RunTime:0.0430s ]
SQL: SELECT `click_num` FROM `tags` WHERE ( id = 340 ) LIMIT 1   [ RunTime:0.0003s ]
SQL: UPDATE `tags` SET `click_num`='279' WHERE ( id = 340 ) [ RunTime:0.0426s ]
SQL: SELECT `click_num` FROM `tags` WHERE ( id = 341 ) LIMIT 1   [ RunTime:0.0003s ]
SQL: UPDATE `tags` SET `click_num`='173' WHERE ( id = 341 ) [ RunTime:0.0437s ]
SQL: SELECT `click_num` FROM `tags` WHERE ( id = 342 ) LIMIT 1   [ RunTime:0.0015s ]
SQL: UPDATE `tags` SET `click_num`='139' WHERE ( id = 342 ) [ RunTime:0.0413s ]
SQL: SELECT `click_num` FROM `tags` WHERE ( id = 343 ) LIMIT 1   [ RunTime:0.0003s ]
SQL: UPDATE `tags` SET `click_num`='226' WHERE ( id = 343 ) [ RunTime:0.0442s ]
SQL: SELECT `click_num` FROM `tags` WHERE ( id = 344 ) LIMIT 1   [ RunTime:0.0004s ]
SQL: UPDATE `tags` SET `click_num`='342' WHERE ( id = 344 ) [ RunTime:0.0415s ]
SQL: SELECT `click_num` FROM `tags` WHERE ( id = 345 ) LIMIT 1   [ RunTime:0.0004s ]
SQL: UPDATE `tags` SET `click_num`='252' WHERE ( id = 345 ) [ RunTime:0.0427s ]
SQL: SELECT `click_num` FROM `tags` WHERE ( id = 346 ) LIMIT 1   [ RunTime:0.0004s ]
SQL: UPDATE `tags` SET `click_num`='120' WHERE ( id = 346 ) [ RunTime:0.0490s ]
SQL: SELECT `click_num` FROM `tags` WHERE ( id = 347 ) LIMIT 1   [ RunTime:0.0004s ]
SQL: UPDATE `tags` SET `click_num`='161' WHERE ( id = 347 ) [ RunTime:0.0523s ]
SQL: SELECT `click_num` FROM `tags` WHERE ( id = 348 ) LIMIT 1   [ RunTime:0.0004s ]
SQL: UPDATE `tags` SET `click_num`='228' WHERE ( id = 348 ) [ RunTime:0.0384s ]
SQL: SELECT `click_num` FROM `tags` WHERE ( id = 349 ) LIMIT 1   [ RunTime:0.0003s ]
SQL: UPDATE `tags` SET `click_num`='112' WHERE ( id = 349 ) [ RunTime:0.0436s ]
SQL: SELECT `click_num` FROM `tags` WHERE ( id = 350 ) LIMIT 1   [ RunTime:0.0003s ]
SQL: UPDATE `tags` SET `click_num`='186' WHERE ( id = 350 ) [ RunTime:0.0427s ]
SQL: SELECT `click_num` FROM `tags` WHERE ( id = 351 ) LIMIT 1   [ RunTime:0.0003s ]
SQL: UPDATE `tags` SET `click_num`='157' WHERE ( id = 351 ) [ RunTime:0.0438s ]
SQL: SELECT `click_num` FROM `tags` WHERE ( id = 352 ) LIMIT 1   [ RunTime:0.0003s ]
SQL: UPDATE `tags` SET `click_num`='114' WHERE ( id = 352 ) [ RunTime:0.0426s ]
SQL: SELECT `click_num` FROM `tags` WHERE ( id = 353 ) LIMIT 1   [ RunTime:0.0009s ]
SQL: UPDATE `tags` SET `click_num`='292' WHERE ( id = 353 ) [ RunTime:0.0426s ]
SQL: SELECT `click_num` FROM `tags` WHERE ( id = 354 ) LIMIT 1   [ RunTime:0.0003s ]
SQL: UPDATE `tags` SET `click_num`='234' WHERE ( id = 354 ) [ RunTime:0.0430s ]
SQL: SELECT `click_num` FROM `tags` WHERE ( id = 355 ) LIMIT 1   [ RunTime:0.0004s ]
SQL: UPDATE `tags` SET `click_num`='318' WHERE ( id = 355 ) [ RunTime:0.0433s ]
SQL: SELECT `click_num` FROM `tags` WHERE ( id = 356 ) LIMIT 1   [ RunTime:0.0003s ]
SQL: UPDATE `tags` SET `click_num`='309' WHERE ( id = 356 ) [ RunTime:0.0422s ]
SQL: SELECT `click_num` FROM `tags` WHERE ( id = 357 ) LIMIT 1   [ RunTime:0.0003s ]
SQL: UPDATE `tags` SET `click_num`='214' WHERE ( id = 357 ) [ RunTime:0.0436s ]
SQL: SELECT `click_num` FROM `tags` WHERE ( id = 358 ) LIMIT 1   [ RunTime:0.0003s ]
SQL: UPDATE `tags` SET `click_num`='282' WHERE ( id = 358 ) [ RunTime:0.0426s ]
SQL: SELECT `click_num` FROM `tags` WHERE ( id = 359 ) LIMIT 1   [ RunTime:0.0005s ]
SQL: UPDATE `tags` SET `click_num`='148' WHERE ( id = 359 ) [ RunTime:0.0428s ]
SQL: SELECT `click_num` FROM `tags` WHERE ( id = 360 ) LIMIT 1   [ RunTime:0.0004s ]
SQL: UPDATE `tags` SET `click_num`='148' WHERE ( id = 360 ) [ RunTime:0.0426s ]
SQL: SELECT `click_num` FROM `tags` WHERE ( id = 361 ) LIMIT 1   [ RunTime:0.0004s ]
SQL: UPDATE `tags` SET `click_num`='182' WHERE ( id = 361 ) [ RunTime:0.0438s ]
SQL: SELECT `click_num` FROM `tags` WHERE ( id = 362 ) LIMIT 1   [ RunTime:0.0005s ]
SQL: UPDATE `tags` SET `click_num`='303' WHERE ( id = 362 ) [ RunTime:0.0414s ]
SQL: SELECT `click_num` FROM `tags` WHERE ( id = 363 ) LIMIT 1   [ RunTime:0.0003s ]
SQL: UPDATE `tags` SET `click_num`='270' WHERE ( id = 363 ) [ RunTime:0.0436s ]
SQL: SELECT `click_num` FROM `tags` WHERE ( id = 364 ) LIMIT 1   [ RunTime:0.0003s ]
SQL: UPDATE `tags` SET `click_num`='255' WHERE ( id = 364 ) [ RunTime:0.0428s ]
SQL: SELECT `click_num` FROM `tags` WHERE ( id = 365 ) LIMIT 1   [ RunTime:0.0003s ]
SQL: UPDATE `tags` SET `click_num`='175' WHERE ( id = 365 ) [ RunTime:0.0424s ]
SQL: SELECT `click_num` FROM `tags` WHERE ( id = 366 ) LIMIT 1   [ RunTime:0.0003s ]
SQL: UPDATE `tags` SET `click_num`='300' WHERE ( id = 366 ) [ RunTime:0.0428s ]
SQL: SELECT `click_num` FROM `tags` WHERE ( id = 367 ) LIMIT 1   [ RunTime:0.0003s ]
SQL: UPDATE `tags` SET `click_num`='130' WHERE ( id = 367 ) [ RunTime:0.0441s ]
SQL: SELECT `click_num` FROM `tags` WHERE ( id = 368 ) LIMIT 1   [ RunTime:0.0003s ]
SQL: UPDATE `tags` SET `click_num`='140' WHERE ( id = 368 ) [ RunTime:0.0419s ]
SQL: SELECT `click_num` FROM `tags` WHERE ( id = 369 ) LIMIT 1   [ RunTime:0.0003s ]
SQL: UPDATE `tags` SET `click_num`='165' WHERE ( id = 369 ) [ RunTime:0.0436s ]
SQL: SELECT `click_num` FROM `tags` WHERE ( id = 370 ) LIMIT 1   [ RunTime:0.0004s ]
SQL: UPDATE `tags` SET `click_num`='122' WHERE ( id = 370 ) [ RunTime:0.0433s ]
SQL: SELECT `click_num` FROM `tags` WHERE ( id = 371 ) LIMIT 1   [ RunTime:0.0004s ]
SQL: UPDATE `tags` SET `click_num`='191' WHERE ( id = 371 ) [ RunTime:0.0425s ]
SQL: SELECT `click_num` FROM `tags` WHERE ( id = 372 ) LIMIT 1   [ RunTime:0.0003s ]
SQL: UPDATE `tags` SET `click_num`='226' WHERE ( id = 372 ) [ RunTime:0.0425s ]
SQL: SELECT `click_num` FROM `tags` WHERE ( id = 373 ) LIMIT 1   [ RunTime:0.0003s ]
SQL: UPDATE `tags` SET `click_num`='195' WHERE ( id = 373 ) [ RunTime:0.0436s ]
SQL: SELECT `click_num` FROM `tags` WHERE ( id = 374 ) LIMIT 1   [ RunTime:0.0008s ]
SQL: UPDATE `tags` SET `click_num`='212' WHERE ( id = 374 ) [ RunTime:0.0413s ]
SQL: SELECT `click_num` FROM `tags` WHERE ( id = 375 ) LIMIT 1   [ RunTime:0.0003s ]
SQL: UPDATE `tags` SET `click_num`='130' WHERE ( id = 375 ) [ RunTime:0.0435s ]
SQL: SELECT `click_num` FROM `tags` WHERE ( id = 376 ) LIMIT 1   [ RunTime:0.0003s ]
SQL: UPDATE `tags` SET `click_num`='287' WHERE ( id = 376 ) [ RunTime:0.0487s ]
SQL: SELECT `click_num` FROM `tags` WHERE ( id = 377 ) LIMIT 1   [ RunTime:0.0003s ]
SQL: UPDATE `tags` SET `click_num`='154' WHERE ( id = 377 ) [ RunTime:0.0376s ]
SQL: SELECT `click_num` FROM `tags` WHERE ( id = 378 ) LIMIT 1   [ RunTime:0.0003s ]
SQL: UPDATE `tags` SET `click_num`='177' WHERE ( id = 378 ) [ RunTime:0.0426s ]
SQL: SELECT `click_num` FROM `tags` WHERE ( id = 379 ) LIMIT 1   [ RunTime:0.0003s ]
SQL: UPDATE `tags` SET `click_num`='325' WHERE ( id = 379 ) [ RunTime:0.0436s ]
SQL: SELECT `click_num` FROM `tags` WHERE ( id = 380 ) LIMIT 1   [ RunTime:0.0004s ]
SQL: UPDATE `tags` SET `click_num`='145' WHERE ( id = 380 ) [ RunTime:0.0426s ]
SQL: SELECT `click_num` FROM `tags` WHERE ( id = 381 ) LIMIT 1   [ RunTime:0.0003s ]
SQL: UPDATE `tags` SET `click_num`='169' WHERE ( id = 381 ) [ RunTime:0.0437s ]
SQL: SELECT `click_num` FROM `tags` WHERE ( id = 382 ) LIMIT 1   [ RunTime:0.0003s ]
SQL: UPDATE `tags` SET `click_num`='210' WHERE ( id = 382 ) [ RunTime:0.0428s ]
SQL: SELECT `click_num` FROM `tags` WHERE ( id = 383 ) LIMIT 1   [ RunTime:0.0003s ]
SQL: UPDATE `tags` SET `click_num`='267' WHERE ( id = 383 ) [ RunTime:0.0434s ]
SQL: SELECT `click_num` FROM `tags` WHERE ( id = 384 ) LIMIT 1   [ RunTime:0.0004s ]
SQL: UPDATE `tags` SET `click_num`='237' WHERE ( id = 384 ) [ RunTime:0.0426s ]
SQL: SELECT `click_num` FROM `tags` WHERE ( id = 385 ) LIMIT 1   [ RunTime:0.0003s ]
SQL: UPDATE `tags` SET `click_num`='123' WHERE ( id = 385 ) [ RunTime:0.0435s ]
SQL: SELECT `click_num` FROM `tags` WHERE ( id = 386 ) LIMIT 1   [ RunTime:0.0004s ]
SQL: UPDATE `tags` SET `click_num`='151' WHERE ( id = 386 ) [ RunTime:0.0425s ]
SQL: SELECT `click_num` FROM `tags` WHERE ( id = 387 ) LIMIT 1   [ RunTime:0.0004s ]
SQL: UPDATE `tags` SET `click_num`='345' WHERE ( id = 387 ) [ RunTime:0.0436s ]
SQL: SELECT `click_num` FROM `tags` WHERE ( id = 388 ) LIMIT 1   [ RunTime:0.0004s ]
SQL: UPDATE `tags` SET `click_num`='257' WHERE ( id = 388 ) [ RunTime:0.0429s ]
SQL: SELECT `click_num` FROM `tags` WHERE ( id = 389 ) LIMIT 1   [ RunTime:0.0010s ]
SQL: UPDATE `tags` SET `click_num`='305' WHERE ( id = 389 ) [ RunTime:0.0419s ]
SQL: SELECT `click_num` FROM `tags` WHERE ( id = 390 ) LIMIT 1   [ RunTime:0.0004s ]
SQL: UPDATE `tags` SET `click_num`='198' WHERE ( id = 390 ) [ RunTime:0.0425s ]
SQL: SELECT `click_num` FROM `tags` WHERE ( id = 391 ) LIMIT 1   [ RunTime:0.0003s ]
SQL: UPDATE `tags` SET `click_num`='264' WHERE ( id = 391 ) [ RunTime:0.0437s ]
SQL: SELECT `click_num` FROM `tags` WHERE ( id = 392 ) LIMIT 1   [ RunTime:0.0003s ]
SQL: UPDATE `tags` SET `click_num`='197' WHERE ( id = 392 ) [ RunTime:0.0425s ]
SQL: SELECT `click_num` FROM `tags` WHERE ( id = 393 ) LIMIT 1   [ RunTime:0.0004s ]
SQL: UPDATE `tags` SET `click_num`='203' WHERE ( id = 393 ) [ RunTime:0.0437s ]
SQL: SELECT `click_num` FROM `tags` WHERE ( id = 394 ) LIMIT 1   [ RunTime:0.0004s ]
SQL: UPDATE `tags` SET `click_num`='254' WHERE ( id = 394 ) [ RunTime:0.0428s ]
SQL: SELECT `click_num` FROM `tags` WHERE ( id = 395 ) LIMIT 1   [ RunTime:0.0013s ]
SQL: UPDATE `tags` SET `click_num`='148' WHERE ( id = 395 ) [ RunTime:0.0415s ]
SQL: SELECT `click_num` FROM `tags` WHERE ( id = 396 ) LIMIT 1   [ RunTime:0.0003s ]
SQL: UPDATE `tags` SET `click_num`='212' WHERE ( id = 396 ) [ RunTime:0.0426s ]
SQL: SELECT `click_num` FROM `tags` WHERE ( id = 397 ) LIMIT 1   [ RunTime:0.0003s ]
SQL: UPDATE `tags` SET `click_num`='289' WHERE ( id = 397 ) [ RunTime:0.0521s ]
SQL: SELECT `click_num` FROM `tags` WHERE ( id = 398 ) LIMIT 1   [ RunTime:0.0003s ]
SQL: UPDATE `tags` SET `click_num`='209' WHERE ( id = 398 ) [ RunTime:0.0451s ]
SQL: SELECT `click_num` FROM `tags` WHERE ( id = 399 ) LIMIT 1   [ RunTime:0.0003s ]
SQL: UPDATE `tags` SET `click_num`='253' WHERE ( id = 399 ) [ RunTime:0.0437s ]
SQL: SELECT `click_num` FROM `tags` WHERE ( id = 400 ) LIMIT 1   [ RunTime:0.0004s ]
SQL: UPDATE `tags` SET `click_num`='302' WHERE ( id = 400 ) [ RunTime:0.0425s ]
SQL: SELECT `click_num` FROM `tags` WHERE ( id = 401 ) LIMIT 1   [ RunTime:0.0004s ]
SQL: UPDATE `tags` SET `click_num`='115' WHERE ( id = 401 ) [ RunTime:0.0434s ]
SQL: SELECT `click_num` FROM `tags` WHERE ( id = 402 ) LIMIT 1   [ RunTime:0.0003s ]
SQL: UPDATE `tags` SET `click_num`='172' WHERE ( id = 402 ) [ RunTime:0.0426s ]
SQL: SELECT `click_num` FROM `tags` WHERE ( id = 403 ) LIMIT 1   [ RunTime:0.0005s ]
SQL: UPDATE `tags` SET `click_num`='191' WHERE ( id = 403 ) [ RunTime:0.0427s ]
SQL: SELECT `click_num` FROM `tags` WHERE ( id = 404 ) LIMIT 1   [ RunTime:0.0003s ]
SQL: UPDATE `tags` SET `click_num`='205' WHERE ( id = 404 ) [ RunTime:0.0427s ]
SQL: SELECT `click_num` FROM `tags` WHERE ( id = 405 ) LIMIT 1   [ RunTime:0.0004s ]
SQL: UPDATE `tags` SET `click_num`='103' WHERE ( id = 405 ) [ RunTime:0.0436s ]
SQL: SELECT `click_num` FROM `tags` WHERE ( id = 406 ) LIMIT 1   [ RunTime:0.0004s ]
SQL: UPDATE `tags` SET `click_num`='324' WHERE ( id = 406 ) [ RunTime:0.0425s ]
SQL: SELECT `click_num` FROM `tags` WHERE ( id = 407 ) LIMIT 1   [ RunTime:0.0004s ]
SQL: UPDATE `tags` SET `click_num`='259' WHERE ( id = 407 ) [ RunTime:0.0495s ]
SQL: SELECT `click_num` FROM `tags` WHERE ( id = 408 ) LIMIT 1   [ RunTime:0.0004s ]
SQL: UPDATE `tags` SET `click_num`='75' WHERE ( id = 408 ) [ RunTime:0.0367s ]
SQL: SELECT `click_num` FROM `tags` WHERE ( id = 409 ) LIMIT 1   [ RunTime:0.0003s ]
SQL: UPDATE `tags` SET `click_num`='283' WHERE ( id = 409 ) [ RunTime:0.0437s ]
SQL: SELECT `click_num` FROM `tags` WHERE ( id = 410 ) LIMIT 1   [ RunTime:0.0003s ]
SQL: UPDATE `tags` SET `click_num`='325' WHERE ( id = 410 ) [ RunTime:0.0424s ]
SQL: SELECT `click_num` FROM `tags` WHERE ( id = 411 ) LIMIT 1   [ RunTime:0.0004s ]
SQL: UPDATE `tags` SET `click_num`='238' WHERE ( id = 411 ) [ RunTime:0.0441s ]
SQL: SELECT `click_num` FROM `tags` WHERE ( id = 412 ) LIMIT 1   [ RunTime:0.0004s ]
SQL: UPDATE `tags` SET `click_num`='205' WHERE ( id = 412 ) [ RunTime:0.0416s ]
SQL: SELECT `click_num` FROM `tags` WHERE ( id = 413 ) LIMIT 1   [ RunTime:0.0004s ]
SQL: UPDATE `tags` SET `click_num`='160' WHERE ( id = 413 ) [ RunTime:0.0772s ]
SQL: SELECT `click_num` FROM `tags` WHERE ( id = 414 ) LIMIT 1   [ RunTime:0.0003s ]
SQL: UPDATE `tags` SET `click_num`='317' WHERE ( id = 414 ) [ RunTime:0.0981s ]
SQL: SELECT `click_num` FROM `tags` WHERE ( id = 415 ) LIMIT 1   [ RunTime:0.0004s ]
SQL: UPDATE `tags` SET `click_num`='113' WHERE ( id = 415 ) [ RunTime:0.0437s ]
SQL: SELECT `click_num` FROM `tags` WHERE ( id = 416 ) LIMIT 1   [ RunTime:0.0007s ]
SQL: UPDATE `tags` SET `click_num`='189' WHERE ( id = 416 ) [ RunTime:0.0410s ]
SQL: SELECT `click_num` FROM `tags` WHERE ( id = 417 ) LIMIT 1   [ RunTime:0.0003s ]
SQL: UPDATE `tags` SET `click_num`='140' WHERE ( id = 417 ) [ RunTime:0.0435s ]
SQL: SELECT `click_num` FROM `tags` WHERE ( id = 418 ) LIMIT 1   [ RunTime:0.0004s ]
SQL: UPDATE `tags` SET `click_num`='147' WHERE ( id = 418 ) [ RunTime:0.0433s ]
SQL: SELECT `click_num` FROM `tags` WHERE ( id = 419 ) LIMIT 1   [ RunTime:0.0004s ]
SQL: UPDATE `tags` SET `click_num`='358' WHERE ( id = 419 ) [ RunTime:0.0424s ]
SQL: SELECT `click_num` FROM `tags` WHERE ( id = 420 ) LIMIT 1   [ RunTime:0.0003s ]
SQL: UPDATE `tags` SET `click_num`='337' WHERE ( id = 420 ) [ RunTime:0.0426s ]
SQL: SELECT `click_num` FROM `tags` WHERE ( id = 421 ) LIMIT 1   [ RunTime:0.0003s ]
SQL: UPDATE `tags` SET `click_num`='132' WHERE ( id = 421 ) [ RunTime:0.0437s ]
SQL: SELECT `click_num` FROM `tags` WHERE ( id = 422 ) LIMIT 1   [ RunTime:0.0003s ]
SQL: UPDATE `tags` SET `click_num`='308' WHERE ( id = 422 ) [ RunTime:0.0428s ]
SQL: SELECT `click_num` FROM `tags` WHERE ( id = 423 ) LIMIT 1   [ RunTime:0.0004s ]
SQL: UPDATE `tags` SET `click_num`='66' WHERE ( id = 423 ) [ RunTime:0.0433s ]
SQL: SELECT `click_num` FROM `tags` WHERE ( id = 424 ) LIMIT 1   [ RunTime:0.0003s ]
SQL: UPDATE `tags` SET `click_num`='274' WHERE ( id = 424 ) [ RunTime:0.0430s ]
SQL: SELECT `click_num` FROM `tags` WHERE ( id = 425 ) LIMIT 1   [ RunTime:0.0004s ]
SQL: UPDATE `tags` SET `click_num`='161' WHERE ( id = 425 ) [ RunTime:0.0419s ]
SQL: SELECT `click_num` FROM `tags` WHERE ( id = 426 ) LIMIT 1   [ RunTime:0.0013s ]
SQL: UPDATE `tags` SET `click_num`='351' WHERE ( id = 426 ) [ RunTime:0.0413s ]
SQL: SELECT `click_num` FROM `tags` WHERE ( id = 427 ) LIMIT 1   [ RunTime:0.0003s ]
SQL: UPDATE `tags` SET `click_num`='274' WHERE ( id = 427 ) [ RunTime:0.0436s ]
SQL: SELECT `click_num` FROM `tags` WHERE ( id = 428 ) LIMIT 1   [ RunTime:0.0004s ]
SQL: UPDATE `tags` SET `click_num`='325' WHERE ( id = 428 ) [ RunTime:0.0426s ]
SQL: SELECT `click_num` FROM `tags` WHERE ( id = 429 ) LIMIT 1   [ RunTime:0.0003s ]
SQL: UPDATE `tags` SET `click_num`='152' WHERE ( id = 429 ) [ RunTime:0.0434s ]
SQL: SELECT `click_num` FROM `tags` WHERE ( id = 430 ) LIMIT 1   [ RunTime:0.0004s ]
SQL: UPDATE `tags` SET `click_num`='221' WHERE ( id = 430 ) [ RunTime:0.0427s ]
SQL: SELECT `click_num` FROM `tags` WHERE ( id = 431 ) LIMIT 1   [ RunTime:0.0003s ]
SQL: UPDATE `tags` SET `click_num`='73' WHERE ( id = 431 ) [ RunTime:0.0436s ]
SQL: SELECT `click_num` FROM `tags` WHERE ( id = 432 ) LIMIT 1   [ RunTime:0.0010s ]
SQL: UPDATE `tags` SET `click_num`='295' WHERE ( id = 432 ) [ RunTime:0.0416s ]
SQL: SELECT `click_num` FROM `tags` WHERE ( id = 433 ) LIMIT 1   [ RunTime:0.0004s ]
SQL: UPDATE `tags` SET `click_num`='251' WHERE ( id = 433 ) [ RunTime:0.0435s ]
SQL: SELECT `click_num` FROM `tags` WHERE ( id = 434 ) LIMIT 1   [ RunTime:0.0004s ]
SQL: UPDATE `tags` SET `click_num`='314' WHERE ( id = 434 ) [ RunTime:0.0425s ]
SQL: SELECT `click_num` FROM `tags` WHERE ( id = 435 ) LIMIT 1   [ RunTime:0.0007s ]
SQL: UPDATE `tags` SET `click_num`='182' WHERE ( id = 435 ) [ RunTime:0.0422s ]
SQL: SELECT `click_num` FROM `tags` WHERE ( id = 436 ) LIMIT 1   [ RunTime:0.0003s ]
SQL: UPDATE `tags` SET `click_num`='338' WHERE ( id = 436 ) [ RunTime:0.0425s ]
SQL: SELECT `click_num` FROM `tags` WHERE ( id = 437 ) LIMIT 1   [ RunTime:0.0003s ]
SQL: UPDATE `tags` SET `click_num`='302' WHERE ( id = 437 ) [ RunTime:0.0437s ]
SQL: SELECT `click_num` FROM `tags` WHERE ( id = 438 ) LIMIT 1   [ RunTime:0.0004s ]
SQL: UPDATE `tags` SET `click_num`='332' WHERE ( id = 438 ) [ RunTime:0.0423s ]
SQL: SELECT `click_num` FROM `tags` WHERE ( id = 439 ) LIMIT 1   [ RunTime:0.0004s ]
SQL: UPDATE `tags` SET `click_num`='339' WHERE ( id = 439 ) [ RunTime:0.0442s ]
SQL: SELECT `click_num` FROM `tags` WHERE ( id = 440 ) LIMIT 1   [ RunTime:0.0004s ]
SQL: UPDATE `tags` SET `click_num`='244' WHERE ( id = 440 ) [ RunTime:0.0415s ]
SQL: SELECT `click_num` FROM `tags` WHERE ( id = 441 ) LIMIT 1   [ RunTime:0.0006s ]
SQL: UPDATE `tags` SET `click_num`='108' WHERE ( id = 441 ) [ RunTime:0.0831s ]
SQL: SELECT `click_num` FROM `tags` WHERE ( id = 442 ) LIMIT 1   [ RunTime:0.0004s ]
SQL: UPDATE `tags` SET `click_num`='314' WHERE ( id = 442 ) [ RunTime:0.1285s ]
SQL: SELECT `click_num` FROM `tags` WHERE ( id = 443 ) LIMIT 1   [ RunTime:0.0006s ]
SQL: UPDATE `tags` SET `click_num`='325' WHERE ( id = 443 ) [ RunTime:0.0594s ]
SQL: SELECT `click_num` FROM `tags` WHERE ( id = 444 ) LIMIT 1   [ RunTime:0.0004s ]
SQL: UPDATE `tags` SET `click_num`='305' WHERE ( id = 444 ) [ RunTime:0.0441s ]
SQL: SELECT `click_num` FROM `tags` WHERE ( id = 445 ) LIMIT 1   [ RunTime:0.0003s ]
SQL: UPDATE `tags` SET `click_num`='129' WHERE ( id = 445 ) [ RunTime:0.0418s ]
SQL: SELECT `click_num` FROM `tags` WHERE ( id = 446 ) LIMIT 1   [ RunTime:0.0009s ]
SQL: UPDATE `tags` SET `click_num`='213' WHERE ( id = 446 ) [ RunTime:0.0427s ]
SQL: SELECT `click_num` FROM `tags` WHERE ( id = 447 ) LIMIT 1   [ RunTime:0.0003s ]
SQL: UPDATE `tags` SET `click_num`='196' WHERE ( id = 447 ) [ RunTime:0.0427s ]
SQL: SELECT `click_num` FROM `tags` WHERE ( id = 448 ) LIMIT 1   [ RunTime:0.0003s ]
SQL: UPDATE `tags` SET `click_num`='233' WHERE ( id = 448 ) [ RunTime:0.0441s ]
SQL: SELECT `click_num` FROM `tags` WHERE ( id = 449 ) LIMIT 1   [ RunTime:0.0004s ]
SQL: UPDATE `tags` SET `click_num`='195' WHERE ( id = 449 ) [ RunTime:0.0973s ]
SQL: SELECT `click_num` FROM `tags` WHERE ( id = 450 ) LIMIT 1   [ RunTime:0.0004s ]
SQL: UPDATE `tags` SET `click_num`='223' WHERE ( id = 450 ) [ RunTime:0.0804s ]
SQL: SELECT `click_num` FROM `tags` WHERE ( id = 451 ) LIMIT 1   [ RunTime:0.0003s ]
SQL: UPDATE `tags` SET `click_num`='307' WHERE ( id = 451 ) [ RunTime:0.0939s ]
SQL: SELECT `click_num` FROM `tags` WHERE ( id = 452 ) LIMIT 1   [ RunTime:0.0004s ]
SQL: UPDATE `tags` SET `click_num`='247' WHERE ( id = 452 ) [ RunTime:0.0435s ]
SQL: SELECT `click_num` FROM `tags` WHERE ( id = 453 ) LIMIT 1   [ RunTime:0.0004s ]
SQL: UPDATE `tags` SET `click_num`='144' WHERE ( id = 453 ) [ RunTime:0.0426s ]
SQL: SELECT `click_num` FROM `tags` WHERE ( id = 454 ) LIMIT 1   [ RunTime:0.0009s ]
SQL: UPDATE `tags` SET `click_num`='197' WHERE ( id = 454 ) [ RunTime:0.0423s ]
SQL: SELECT `click_num` FROM `tags` WHERE ( id = 455 ) LIMIT 1   [ RunTime:0.0003s ]
SQL: UPDATE `tags` SET `click_num`='165' WHERE ( id = 455 ) [ RunTime:0.0426s ]
SQL: SELECT `click_num` FROM `tags` WHERE ( id = 456 ) LIMIT 1   [ RunTime:0.0003s ]
SQL: UPDATE `tags` SET `click_num`='234' WHERE ( id = 456 ) [ RunTime:0.0438s ]
SQL: SELECT `click_num` FROM `tags` WHERE ( id = 457 ) LIMIT 1   [ RunTime:0.0003s ]
SQL: UPDATE `tags` SET `click_num`='153' WHERE ( id = 457 ) [ RunTime:0.0425s ]
SQL: SELECT `click_num` FROM `tags` WHERE ( id = 458 ) LIMIT 1   [ RunTime:0.0003s ]
SQL: UPDATE `tags` SET `click_num`='222' WHERE ( id = 458 ) [ RunTime:0.0437s ]
SQL: SELECT `click_num` FROM `tags` WHERE ( id = 459 ) LIMIT 1   [ RunTime:0.0004s ]
SQL: UPDATE `tags` SET `click_num`='84' WHERE ( id = 459 ) [ RunTime:0.0430s ]
SQL: SELECT `click_num` FROM `tags` WHERE ( id = 460 ) LIMIT 1   [ RunTime:0.0008s ]
SQL: UPDATE `tags` SET `click_num`='253' WHERE ( id = 460 ) [ RunTime:0.0417s ]
SQL: SELECT `click_num` FROM `tags` WHERE ( id = 461 ) LIMIT 1   [ RunTime:0.0003s ]
SQL: UPDATE `tags` SET `click_num`='247' WHERE ( id = 461 ) [ RunTime:0.0426s ]
SQL: SELECT `click_num` FROM `tags` WHERE ( id = 462 ) LIMIT 1   [ RunTime:0.0003s ]
SQL: UPDATE `tags` SET `click_num`='365' WHERE ( id = 462 ) [ RunTime:0.0439s ]
SQL: SELECT `click_num` FROM `tags` WHERE ( id = 463 ) LIMIT 1   [ RunTime:0.0007s ]
SQL: UPDATE `tags` SET `click_num`='128' WHERE ( id = 463 ) [ RunTime:0.0408s ]
SQL: SELECT `click_num` FROM `tags` WHERE ( id = 464 ) LIMIT 1   [ RunTime:0.0003s ]
SQL: UPDATE `tags` SET `click_num`='191' WHERE ( id = 464 ) [ RunTime:0.0437s ]
SQL: SELECT `click_num` FROM `tags` WHERE ( id = 465 ) LIMIT 1   [ RunTime:0.0003s ]
SQL: UPDATE `tags` SET `click_num`='184' WHERE ( id = 465 ) [ RunTime:0.0427s ]
SQL: SELECT `click_num` FROM `tags` WHERE ( id = 466 ) LIMIT 1   [ RunTime:0.0004s ]
SQL: UPDATE `tags` SET `click_num`='337' WHERE ( id = 466 ) [ RunTime:0.0432s ]
SQL: SELECT `click_num` FROM `tags` WHERE ( id = 467 ) LIMIT 1   [ RunTime:0.0003s ]
SQL: UPDATE `tags` SET `click_num`='140' WHERE ( id = 467 ) [ RunTime:0.0429s ]
SQL: SELECT `click_num` FROM `tags` WHERE ( id = 468 ) LIMIT 1   [ RunTime:0.0004s ]
SQL: UPDATE `tags` SET `click_num`='296' WHERE ( id = 468 ) [ RunTime:0.0436s ]
SQL: SELECT `click_num` FROM `tags` WHERE ( id = 469 ) LIMIT 1   [ RunTime:0.0007s ]
SQL: UPDATE `tags` SET `click_num`='180' WHERE ( id = 469 ) [ RunTime:0.0410s ]
SQL: SELECT `click_num` FROM `tags` WHERE ( id = 470 ) LIMIT 1   [ RunTime:0.0004s ]
SQL: UPDATE `tags` SET `click_num`='113' WHERE ( id = 470 ) [ RunTime:0.0432s ]
SQL: SELECT `click_num` FROM `tags` WHERE ( id = 471 ) LIMIT 1   [ RunTime:0.0003s ]
SQL: UPDATE `tags` SET `click_num`='97' WHERE ( id = 471 ) [ RunTime:0.0430s ]
SQL: SELECT `click_num` FROM `tags` WHERE ( id = 472 ) LIMIT 1   [ RunTime:0.0005s ]
SQL: UPDATE `tags` SET `click_num`='255' WHERE ( id = 472 ) [ RunTime:0.0421s ]
SQL: SELECT `click_num` FROM `tags` WHERE ( id = 473 ) LIMIT 1   [ RunTime:0.0003s ]
SQL: UPDATE `tags` SET `click_num`='222' WHERE ( id = 473 ) [ RunTime:0.0475s ]
SQL: SELECT `click_num` FROM `tags` WHERE ( id = 474 ) LIMIT 1   [ RunTime:0.0003s ]
SQL: UPDATE `tags` SET `click_num`='134' WHERE ( id = 474 ) [ RunTime:0.0720s ]
SQL: SELECT `click_num` FROM `tags` WHERE ( id = 475 ) LIMIT 1   [ RunTime:0.0003s ]
SQL: UPDATE `tags` SET `click_num`='149' WHERE ( id = 475 ) [ RunTime:0.1032s ]
SQL: SELECT `click_num` FROM `tags` WHERE ( id = 476 ) LIMIT 1   [ RunTime:0.0003s ]
SQL: UPDATE `tags` SET `click_num`='287' WHERE ( id = 476 ) [ RunTime:0.0386s ]
SQL: SELECT `click_num` FROM `tags` WHERE ( id = 477 ) LIMIT 1   [ RunTime:0.0003s ]
SQL: UPDATE `tags` SET `click_num`='304' WHERE ( id = 477 ) [ RunTime:0.0426s ]
SQL: SELECT `click_num` FROM `tags` WHERE ( id = 478 ) LIMIT 1   [ RunTime:0.0003s ]
SQL: UPDATE `tags` SET `click_num`='252' WHERE ( id = 478 ) [ RunTime:0.0436s ]
SQL: SELECT `click_num` FROM `tags` WHERE ( id = 479 ) LIMIT 1   [ RunTime:0.0003s ]
SQL: UPDATE `tags` SET `click_num`='214' WHERE ( id = 479 ) [ RunTime:0.0427s ]
SQL: SELECT `click_num` FROM `tags` WHERE ( id = 480 ) LIMIT 1   [ RunTime:0.0003s ]
SQL: UPDATE `tags` SET `click_num`='108' WHERE ( id = 480 ) [ RunTime:0.0437s ]
SQL: SELECT `click_num` FROM `tags` WHERE ( id = 481 ) LIMIT 1   [ RunTime:0.0003s ]
SQL: UPDATE `tags` SET `click_num`='197' WHERE ( id = 481 ) [ RunTime:0.0426s ]
SQL: SELECT `click_num` FROM `tags` WHERE ( id = 482 ) LIMIT 1   [ RunTime:0.0003s ]
SQL: UPDATE `tags` SET `click_num`='152' WHERE ( id = 482 ) [ RunTime:0.0437s ]
SQL: SELECT `click_num` FROM `tags` WHERE ( id = 483 ) LIMIT 1   [ RunTime:0.0003s ]
SQL: UPDATE `tags` SET `click_num`='242' WHERE ( id = 483 ) [ RunTime:0.0424s ]
SQL: SELECT `click_num` FROM `tags` WHERE ( id = 484 ) LIMIT 1   [ RunTime:0.0003s ]
SQL: UPDATE `tags` SET `click_num`='260' WHERE ( id = 484 ) [ RunTime:0.0479s ]
SQL: SELECT `click_num` FROM `tags` WHERE ( id = 485 ) LIMIT 1   [ RunTime:0.0003s ]
SQL: UPDATE `tags` SET `click_num`='142' WHERE ( id = 485 ) [ RunTime:0.0383s ]
SQL: SELECT `click_num` FROM `tags` WHERE ( id = 486 ) LIMIT 1   [ RunTime:0.0003s ]
SQL: UPDATE `tags` SET `click_num`='178' WHERE ( id = 486 ) [ RunTime:0.0478s ]
SQL: SELECT `click_num` FROM `tags` WHERE ( id = 487 ) LIMIT 1   [ RunTime:0.0003s ]
SQL: UPDATE `tags` SET `click_num`='190' WHERE ( id = 487 ) [ RunTime:0.0384s ]
SQL: SELECT `click_num` FROM `tags` WHERE ( id = 488 ) LIMIT 1   [ RunTime:0.0003s ]
SQL: UPDATE `tags` SET `click_num`='286' WHERE ( id = 488 ) [ RunTime:0.0495s ]
SQL: SELECT `click_num` FROM `tags` WHERE ( id = 489 ) LIMIT 1   [ RunTime:0.0010s ]
SQL: UPDATE `tags` SET `click_num`='334' WHERE ( id = 489 ) [ RunTime:0.0798s ]
SQL: SELECT `click_num` FROM `tags` WHERE ( id = 490 ) LIMIT 1   [ RunTime:0.0021s ]
SQL: UPDATE `tags` SET `click_num`='250' WHERE ( id = 490 ) [ RunTime:0.1334s ]
SQL: SELECT `click_num` FROM `tags` WHERE ( id = 491 ) LIMIT 1   [ RunTime:0.0004s ]
SQL: UPDATE `tags` SET `click_num`='181' WHERE ( id = 491 ) [ RunTime:0.0381s ]
SQL: SELECT `click_num` FROM `tags` WHERE ( id = 492 ) LIMIT 1   [ RunTime:0.0004s ]
SQL: UPDATE `tags` SET `click_num`='286' WHERE ( id = 492 ) [ RunTime:0.0432s ]
SQL: SELECT `click_num` FROM `tags` WHERE ( id = 493 ) LIMIT 1   [ RunTime:0.0003s ]
SQL: UPDATE `tags` SET `click_num`='278' WHERE ( id = 493 ) [ RunTime:0.0423s ]
SQL: SELECT `click_num` FROM `tags` WHERE ( id = 494 ) LIMIT 1   [ RunTime:0.0003s ]
SQL: UPDATE `tags` SET `click_num`='287' WHERE ( id = 494 ) [ RunTime:0.0435s ]
SQL: SELECT `click_num` FROM `tags` WHERE ( id = 495 ) LIMIT 1   [ RunTime:0.0010s ]
SQL: UPDATE `tags` SET `click_num`='160' WHERE ( id = 495 ) [ RunTime:0.0413s ]
SQL: SELECT `click_num` FROM `tags` WHERE ( id = 496 ) LIMIT 1   [ RunTime:0.0003s ]
SQL: UPDATE `tags` SET `click_num`='107' WHERE ( id = 496 ) [ RunTime:0.0993s ]
SQL: SELECT `click_num` FROM `tags` WHERE ( id = 497 ) LIMIT 1   [ RunTime:0.0003s ]
SQL: UPDATE `tags` SET `click_num`='243' WHERE ( id = 497 ) [ RunTime:0.0432s ]
SQL: SELECT `click_num` FROM `tags` WHERE ( id = 498 ) LIMIT 1   [ RunTime:0.0003s ]
SQL: UPDATE `tags` SET `click_num`='149' WHERE ( id = 498 ) [ RunTime:0.0429s ]
SQL: SELECT `click_num` FROM `tags` WHERE ( id = 499 ) LIMIT 1   [ RunTime:0.0007s ]
SQL: UPDATE `tags` SET `click_num`='350' WHERE ( id = 499 ) [ RunTime:0.0410s ]
SQL: SELECT `click_num` FROM `tags` WHERE ( id = 500 ) LIMIT 1   [ RunTime:0.0003s ]
SQL: UPDATE `tags` SET `click_num`='338' WHERE ( id = 500 ) [ RunTime:0.0439s ]
SQL: SELECT `click_num` FROM `tags` WHERE ( id = 501 ) LIMIT 1   [ RunTime:0.0003s ]
SQL: UPDATE `tags` SET `click_num`='246' WHERE ( id = 501 ) [ RunTime:0.0425s ]
SQL: SELECT `click_num` FROM `tags` WHERE ( id = 502 ) LIMIT 1   [ RunTime:0.0004s ]
SQL: UPDATE `tags` SET `click_num`='289' WHERE ( id = 502 ) [ RunTime:0.0430s ]
SQL: SELECT `click_num` FROM `tags` WHERE ( id = 503 ) LIMIT 1   [ RunTime:0.0005s ]
SQL: UPDATE `tags` SET `click_num`='95' WHERE ( id = 503 ) [ RunTime:0.0420s ]
SQL: SELECT `click_num` FROM `tags` WHERE ( id = 504 ) LIMIT 1   [ RunTime:0.0004s ]
SQL: UPDATE `tags` SET `click_num`='346' WHERE ( id = 504 ) [ RunTime:0.0432s ]
SQL: SELECT `click_num` FROM `tags` WHERE ( id = 505 ) LIMIT 1   [ RunTime:0.0007s ]
SQL: UPDATE `tags` SET `click_num`='218' WHERE ( id = 505 ) [ RunTime:0.0415s ]
SQL: SELECT `click_num` FROM `tags` WHERE ( id = 506 ) LIMIT 1   [ RunTime:0.0003s ]
SQL: UPDATE `tags` SET `click_num`='295' WHERE ( id = 506 ) [ RunTime:0.0437s ]
SQL: SELECT `click_num` FROM `tags` WHERE ( id = 507 ) LIMIT 1   [ RunTime:0.0003s ]
SQL: UPDATE `tags` SET `click_num`='170' WHERE ( id = 507 ) [ RunTime:0.0427s ]
SQL: SELECT `click_num` FROM `tags` WHERE ( id = 508 ) LIMIT 1   [ RunTime:0.0003s ]
SQL: UPDATE `tags` SET `click_num`='110' WHERE ( id = 508 ) [ RunTime:0.0433s ]
SQL: SELECT `click_num` FROM `tags` WHERE ( id = 509 ) LIMIT 1   [ RunTime:0.0003s ]
SQL: UPDATE `tags` SET `click_num`='204' WHERE ( id = 509 ) [ RunTime:0.0431s ]
SQL: SELECT `click_num` FROM `tags` WHERE ( id = 510 ) LIMIT 1   [ RunTime:0.0005s ]
SQL: UPDATE `tags` SET `click_num`='171' WHERE ( id = 510 ) [ RunTime:0.0429s ]
SQL: SELECT `click_num` FROM `tags` WHERE ( id = 511 ) LIMIT 1   [ RunTime:0.0003s ]
SQL: UPDATE `tags` SET `click_num`='229' WHERE ( id = 511 ) [ RunTime:0.0413s ]
SQL: SELECT `click_num` FROM `tags` WHERE ( id = 512 ) LIMIT 1   [ RunTime:0.0003s ]
SQL: UPDATE `tags` SET `click_num`='137' WHERE ( id = 512 ) [ RunTime:0.0437s ]
SQL: SELECT `click_num` FROM `tags` WHERE ( id = 513 ) LIMIT 1   [ RunTime:0.0004s ]
SQL: UPDATE `tags` SET `click_num`='133' WHERE ( id = 513 ) [ RunTime:0.0428s ]
SQL: SELECT `click_num` FROM `tags` WHERE ( id = 514 ) LIMIT 1   [ RunTime:0.0004s ]
SQL: UPDATE `tags` SET `click_num`='163' WHERE ( id = 514 ) [ RunTime:0.0419s ]
SQL: SELECT `click_num` FROM `tags` WHERE ( id = 515 ) LIMIT 1   [ RunTime:0.0003s ]
SQL: UPDATE `tags` SET `click_num`='164' WHERE ( id = 515 ) [ RunTime:0.0427s ]
SQL: SELECT `click_num` FROM `tags` WHERE ( id = 516 ) LIMIT 1   [ RunTime:0.0003s ]
SQL: UPDATE `tags` SET `click_num`='354' WHERE ( id = 516 ) [ RunTime:0.0437s ]
SQL: SELECT `click_num` FROM `tags` WHERE ( id = 517 ) LIMIT 1   [ RunTime:0.0004s ]
SQL: UPDATE `tags` SET `click_num`='327' WHERE ( id = 517 ) [ RunTime:0.0425s ]
SQL: SELECT `click_num` FROM `tags` WHERE ( id = 518 ) LIMIT 1   [ RunTime:0.0003s ]
SQL: UPDATE `tags` SET `click_num`='251' WHERE ( id = 518 ) [ RunTime:0.0437s ]
SQL: SELECT `click_num` FROM `tags` WHERE ( id = 519 ) LIMIT 1   [ RunTime:0.0003s ]
SQL: UPDATE `tags` SET `click_num`='162' WHERE ( id = 519 ) [ RunTime:0.0433s ]
SQL: SELECT `click_num` FROM `tags` WHERE ( id = 520 ) LIMIT 1   [ RunTime:0.0004s ]
SQL: UPDATE `tags` SET `click_num`='126' WHERE ( id = 520 ) [ RunTime:0.0426s ]
SQL: SELECT `click_num` FROM `tags` WHERE ( id = 521 ) LIMIT 1   [ RunTime:0.0004s ]
SQL: UPDATE `tags` SET `click_num`='199' WHERE ( id = 521 ) [ RunTime:0.0425s ]
SQL: SELECT `click_num` FROM `tags` WHERE ( id = 522 ) LIMIT 1   [ RunTime:0.0004s ]
SQL: UPDATE `tags` SET `click_num`='96' WHERE ( id = 522 ) [ RunTime:0.0443s ]
SQL: SELECT `click_num` FROM `tags` WHERE ( id = 523 ) LIMIT 1   [ RunTime:0.0003s ]
SQL: UPDATE `tags` SET `click_num`='164' WHERE ( id = 523 ) [ RunTime:0.0418s ]
SQL: SELECT `click_num` FROM `tags` WHERE ( id = 524 ) LIMIT 1   [ RunTime:0.0003s ]
SQL: UPDATE `tags` SET `click_num`='149' WHERE ( id = 524 ) [ RunTime:0.0438s ]
SQL: SELECT `click_num` FROM `tags` WHERE ( id = 525 ) LIMIT 1   [ RunTime:0.0003s ]
SQL: UPDATE `tags` SET `click_num`='309' WHERE ( id = 525 ) [ RunTime:0.0426s ]
SQL: SELECT `click_num` FROM `tags` WHERE ( id = 526 ) LIMIT 1   [ RunTime:0.0005s ]
SQL: UPDATE `tags` SET `click_num`='102' WHERE ( id = 526 ) [ RunTime:0.0430s ]
SQL: SELECT `click_num` FROM `tags` WHERE ( id = 527 ) LIMIT 1   [ RunTime:0.0003s ]
SQL: UPDATE `tags` SET `click_num`='138' WHERE ( id = 527 ) [ RunTime:0.0427s ]
SQL: SELECT `click_num` FROM `tags` WHERE ( id = 528 ) LIMIT 1   [ RunTime:0.0003s ]
SQL: UPDATE `tags` SET `click_num`='123' WHERE ( id = 528 ) [ RunTime:0.0475s ]
SQL: SELECT `click_num` FROM `tags` WHERE ( id = 529 ) LIMIT 1   [ RunTime:0.0003s ]
SQL: UPDATE `tags` SET `click_num`='348' WHERE ( id = 529 ) [ RunTime:0.0716s ]
SQL: SELECT `click_num` FROM `tags` WHERE ( id = 530 ) LIMIT 1   [ RunTime:0.0004s ]
SQL: UPDATE `tags` SET `click_num`='109' WHERE ( id = 530 ) [ RunTime:0.0805s ]
SQL: SELECT `click_num` FROM `tags` WHERE ( id = 531 ) LIMIT 1   [ RunTime:0.0003s ]
SQL: UPDATE `tags` SET `click_num`='197' WHERE ( id = 531 ) [ RunTime:0.0380s ]
SQL: SELECT `click_num` FROM `tags` WHERE ( id = 532 ) LIMIT 1   [ RunTime:0.0005s ]
SQL: UPDATE `tags` SET `click_num`='236' WHERE ( id = 532 ) [ RunTime:0.0431s ]
SQL: SELECT `click_num` FROM `tags` WHERE ( id = 533 ) LIMIT 1   [ RunTime:0.0003s ]
SQL: UPDATE `tags` SET `click_num`='352' WHERE ( id = 533 ) [ RunTime:0.0425s ]
SQL: SELECT `click_num` FROM `tags` WHERE ( id = 534 ) LIMIT 1   [ RunTime:0.0003s ]
SQL: UPDATE `tags` SET `click_num`='312' WHERE ( id = 534 ) [ RunTime:0.0478s ]
SQL: SELECT `click_num` FROM `tags` WHERE ( id = 535 ) LIMIT 1   [ RunTime:0.0003s ]
SQL: UPDATE `tags` SET `click_num`='90' WHERE ( id = 535 ) [ RunTime:0.0655s ]
SQL: SELECT `click_num` FROM `tags` WHERE ( id = 536 ) LIMIT 1   [ RunTime:0.0003s ]
SQL: UPDATE `tags` SET `click_num`='228' WHERE ( id = 536 ) [ RunTime:0.0389s ]
SQL: SELECT `click_num` FROM `tags` WHERE ( id = 537 ) LIMIT 1   [ RunTime:0.0003s ]
SQL: UPDATE `tags` SET `click_num`='252' WHERE ( id = 537 ) [ RunTime:0.0428s ]
SQL: SELECT `click_num` FROM `tags` WHERE ( id = 538 ) LIMIT 1   [ RunTime:0.0003s ]
SQL: UPDATE `tags` SET `click_num`='101' WHERE ( id = 538 ) [ RunTime:0.0436s ]
SQL: SELECT `click_num` FROM `tags` WHERE ( id = 539 ) LIMIT 1   [ RunTime:0.0012s ]
SQL: UPDATE `tags` SET `click_num`='106' WHERE ( id = 539 ) [ RunTime:0.0407s ]
SQL: SELECT `click_num` FROM `tags` WHERE ( id = 540 ) LIMIT 1   [ RunTime:0.0003s ]
SQL: UPDATE `tags` SET `click_num`='70' WHERE ( id = 540 ) [ RunTime:0.0438s ]
SQL: SELECT `click_num` FROM `tags` WHERE ( id = 541 ) LIMIT 1   [ RunTime:0.0003s ]
SQL: UPDATE `tags` SET `click_num`='90' WHERE ( id = 541 ) [ RunTime:0.0427s ]
SQL: SELECT `click_num` FROM `tags` WHERE ( id = 542 ) LIMIT 1   [ RunTime:0.0003s ]
SQL: UPDATE `tags` SET `click_num`='94' WHERE ( id = 542 ) [ RunTime:0.0437s ]
SQL: SELECT `click_num` FROM `tags` WHERE ( id = 543 ) LIMIT 1   [ RunTime:0.0003s ]
SQL: UPDATE `tags` SET `click_num`='106' WHERE ( id = 543 ) [ RunTime:0.0425s ]
SQL: SELECT `click_num` FROM `tags` WHERE ( id = 544 ) LIMIT 1   [ RunTime:0.0003s ]
SQL: UPDATE `tags` SET `click_num`='80' WHERE ( id = 544 ) [ RunTime:0.0437s ]
SQL: SELECT `click_num` FROM `tags` WHERE ( id = 545 ) LIMIT 1   [ RunTime:0.0007s ]
SQL: UPDATE `tags` SET `click_num`='103' WHERE ( id = 545 ) [ RunTime:0.0419s ]
SQL: SELECT `click_num` FROM `tags` WHERE ( id = 546 ) LIMIT 1   [ RunTime:0.0004s ]
SQL: UPDATE `tags` SET `click_num`='80' WHERE ( id = 546 ) [ RunTime:0.0436s ]
SQL: SELECT `click_num` FROM `tags` WHERE ( id = 547 ) LIMIT 1   [ RunTime:0.0003s ]
SQL: UPDATE `tags` SET `click_num`='94' WHERE ( id = 547 ) [ RunTime:0.0429s ]
SQL: SELECT `click_num` FROM `tags` WHERE ( id = 548 ) LIMIT 1   [ RunTime:0.0004s ]
SQL: UPDATE `tags` SET `click_num`='107' WHERE ( id = 548 ) [ RunTime:0.0422s ]
SQL: SELECT `click_num` FROM `tags` WHERE ( id = 549 ) LIMIT 1   [ RunTime:0.0003s ]
SQL: UPDATE `tags` SET `click_num`='83' WHERE ( id = 549 ) [ RunTime:0.0426s ]
SQL: SELECT `click_num` FROM `tags` WHERE ( id = 550 ) LIMIT 1   [ RunTime:0.0003s ]
SQL: UPDATE `tags` SET `click_num`='88' WHERE ( id = 550 ) [ RunTime:0.0437s ]
SQL: SELECT `click_num` FROM `tags` WHERE ( id = 551 ) LIMIT 1   [ RunTime:0.0004s ]
SQL: UPDATE `tags` SET `click_num`='114' WHERE ( id = 551 ) [ RunTime:0.0426s ]
SQL: SELECT `click_num` FROM `tags` WHERE ( id = 552 ) LIMIT 1   [ RunTime:0.0004s ]
SQL: UPDATE `tags` SET `click_num`='117' WHERE ( id = 552 ) [ RunTime:0.0435s ]
SQL: SELECT `click_num` FROM `tags` WHERE ( id = 553 ) LIMIT 1   [ RunTime:0.0004s ]
SQL: UPDATE `tags` SET `click_num`='70' WHERE ( id = 553 ) [ RunTime:0.0977s ]
SQL: SELECT `click_num` FROM `tags` WHERE ( id = 554 ) LIMIT 1   [ RunTime:0.0003s ]
SQL: UPDATE `tags` SET `click_num`='90' WHERE ( id = 554 ) [ RunTime:0.0810s ]
SQL: SELECT `click_num` FROM `tags` WHERE ( id = 555 ) LIMIT 1   [ RunTime:0.0003s ]
SQL: UPDATE `tags` SET `click_num`='106' WHERE ( id = 555 ) [ RunTime:0.0719s ]
SQL: SELECT `click_num` FROM `tags` WHERE ( id = 556 ) LIMIT 1   [ RunTime:0.0003s ]
SQL: UPDATE `tags` SET `click_num`='107' WHERE ( id = 556 ) [ RunTime:0.0426s ]
SQL: SELECT `click_num` FROM `tags` WHERE ( id = 557 ) LIMIT 1   [ RunTime:0.0003s ]
SQL: UPDATE `tags` SET `click_num`='106' WHERE ( id = 557 ) [ RunTime:0.0438s ]
SQL: SELECT `click_num` FROM `tags` WHERE ( id = 558 ) LIMIT 1   [ RunTime:0.0003s ]
SQL: UPDATE `tags` SET `click_num`='106' WHERE ( id = 558 ) [ RunTime:0.0426s ]
SQL: SELECT `click_num` FROM `tags` WHERE ( id = 559 ) LIMIT 1   [ RunTime:0.0003s ]
SQL: UPDATE `tags` SET `click_num`='75' WHERE ( id = 559 ) [ RunTime:0.0435s ]
SQL: SELECT `click_num` FROM `tags` WHERE ( id = 560 ) LIMIT 1   [ RunTime:0.0003s ]
SQL: UPDATE `tags` SET `click_num`='94' WHERE ( id = 560 ) [ RunTime:0.0430s ]
SQL: SELECT `click_num` FROM `tags` WHERE ( id = 561 ) LIMIT 1   [ RunTime:0.0009s ]
SQL: UPDATE `tags` SET `click_num`='97' WHERE ( id = 561 ) [ RunTime:0.0421s ]
SQL: SELECT `click_num` FROM `tags` WHERE ( id = 562 ) LIMIT 1   [ RunTime:0.0004s ]
SQL: UPDATE `tags` SET `click_num`='99' WHERE ( id = 562 ) [ RunTime:0.0423s ]
SQL: SELECT `click_num` FROM `tags` WHERE ( id = 563 ) LIMIT 1   [ RunTime:0.0003s ]
SQL: UPDATE `tags` SET `click_num`='87' WHERE ( id = 563 ) [ RunTime:0.0437s ]
SQL: SELECT `click_num` FROM `tags` WHERE ( id = 564 ) LIMIT 1   [ RunTime:0.0004s ]
SQL: UPDATE `tags` SET `click_num`='85' WHERE ( id = 564 ) [ RunTime:0.0417s ]
SQL: SELECT `click_num` FROM `tags` WHERE ( id = 565 ) LIMIT 1   [ RunTime:0.0003s ]
SQL: UPDATE `tags` SET `click_num`='113' WHERE ( id = 565 ) [ RunTime:0.0437s ]
SQL: SELECT `click_num` FROM `tags` WHERE ( id = 566 ) LIMIT 1   [ RunTime:0.0003s ]
SQL: UPDATE `tags` SET `click_num`='70' WHERE ( id = 566 ) [ RunTime:0.0428s ]
SQL: SELECT `click_num` FROM `tags` WHERE ( id = 567 ) LIMIT 1   [ RunTime:0.0012s ]
SQL: UPDATE `tags` SET `click_num`='95' WHERE ( id = 567 ) [ RunTime:0.0419s ]
SQL: SELECT `click_num` FROM `tags` WHERE ( id = 568 ) LIMIT 1   [ RunTime:0.0005s ]
SQL: UPDATE `tags` SET `click_num`='109' WHERE ( id = 568 ) [ RunTime:0.0414s ]
SQL: SELECT `click_num` FROM `tags` WHERE ( id = 569 ) LIMIT 1   [ RunTime:0.0003s ]
SQL: UPDATE `tags` SET `click_num`='116' WHERE ( id = 569 ) [ RunTime:0.0440s ]
SQL: SELECT `click_num` FROM `tags` WHERE ( id = 570 ) LIMIT 1   [ RunTime:0.0004s ]
SQL: UPDATE `tags` SET `click_num`='63' WHERE ( id = 570 ) [ RunTime:0.0418s ]
SQL: SELECT `click_num` FROM `tags` WHERE ( id = 571 ) LIMIT 1   [ RunTime:0.0003s ]
SQL: UPDATE `tags` SET `click_num`='95' WHERE ( id = 571 ) [ RunTime:0.0547s ]
SQL: SELECT `click_num` FROM `tags` WHERE ( id = 572 ) LIMIT 1   [ RunTime:0.0003s ]
SQL: UPDATE `tags` SET `click_num`='109' WHERE ( id = 572 ) [ RunTime:0.0480s ]
SQL: SELECT `click_num` FROM `tags` WHERE ( id = 573 ) LIMIT 1   [ RunTime:0.0012s ]
SQL: UPDATE `tags` SET `click_num`='81' WHERE ( id = 573 ) [ RunTime:0.0369s ]
SQL: SELECT `click_num` FROM `tags` WHERE ( id = 574 ) LIMIT 1   [ RunTime:0.0004s ]
SQL: UPDATE `tags` SET `click_num`='79' WHERE ( id = 574 ) [ RunTime:0.0478s ]
SQL: SELECT `click_num` FROM `tags` WHERE ( id = 575 ) LIMIT 1   [ RunTime:0.0003s ]
SQL: UPDATE `tags` SET `click_num`='100' WHERE ( id = 575 ) [ RunTime:0.0386s ]
SQL: SELECT `click_num` FROM `tags` WHERE ( id = 576 ) LIMIT 1   [ RunTime:0.0006s ]
SQL: UPDATE `tags` SET `click_num`='105' WHERE ( id = 576 ) [ RunTime:0.0421s ]
SQL: SELECT `click_num` FROM `tags` WHERE ( id = 577 ) LIMIT 1   [ RunTime:0.0004s ]
SQL: UPDATE `tags` SET `click_num`='110' WHERE ( id = 577 ) [ RunTime:0.0442s ]
SQL: SELECT `click_num` FROM `tags` WHERE ( id = 578 ) LIMIT 1   [ RunTime:0.0004s ]
SQL: UPDATE `tags` SET `click_num`='110' WHERE ( id = 578 ) [ RunTime:0.0417s ]
SQL: SELECT `click_num` FROM `tags` WHERE ( id = 579 ) LIMIT 1   [ RunTime:0.0003s ]
SQL: UPDATE `tags` SET `click_num`='104' WHERE ( id = 579 ) [ RunTime:0.0439s ]
INFO: [ app_end ] --START--
INFO: Run Behavior\ShowPageTraceBehavior [ RunTime:0.027175s ]
INFO: [ app_end ] --END-- [ RunTime:0.027435s ]

